Using pre-set license
Built from '2020.3/staging' branch; Version is '2020.3.11f1 (99c7afb366b3) revision 10078127'; Using compiler version '192528614'; Build Type 'Release'
OS: 'Windows 10 Home; OS build 19042.1052; Version 2009; 64bit' Language: 'en' Physical Memory: 7549 MB
BatchMode: 1, IsHumanControllingUs: 0, StartBugReporterOnCrash: 0, Is64bit: 1, IsPro: 0

 COMMAND LINE ARGUMENTS:
C:\Program Files\Unity\2020.3.11f1\Editor\Unity.exe
-adb2
-batchMode
-noUpm
-name
AssetImportWorker1
-projectPath
C:/Users/taybl/OneDrive/Desktop/Unity Projects/Freemart - Beginner Game Jam/Freemart-Game-Jam
-logFile
Logs/AssetImportWorker1.log
-srvPort
59098
Successfully changed project path to: C:/Users/taybl/OneDrive/Desktop/Unity Projects/Freemart - Beginner Game Jam/Freemart-Game-Jam
C:/Users/taybl/OneDrive/Desktop/Unity Projects/Freemart - Beginner Game Jam/Freemart-Game-Jam
Using Asset Import Pipeline V2.
Refreshing native plugins compatible for Editor in 50.72 ms, found 2 plugins.
Preloading 0 native plugins for Editor in 0.00 ms.
Initialize engine version: 2020.3.11f1 (99c7afb366b3)
[Subsystems] Discovering subsystems at path C:/Program Files/Unity/2020.3.11f1/Editor/Data/Resources/UnitySubsystems
[Subsystems] Discovering subsystems at path C:/Users/taybl/OneDrive/Desktop/Unity Projects/Freemart - Beginner Game Jam/Freemart-Game-Jam/Assets
GfxDevice: creating device client; threaded=0
Direct3D:
    Version:  Direct3D 11.0 [level 11.1]
    Renderer: AMD Radeon(TM) Graphics (ID=0x1636)
    Vendor:   
    VRAM:     3774 MB
    Driver:   27.20.21020.3
Initialize mono
Mono path[0] = 'C:/Program Files/Unity/2020.3.11f1/Editor/Data/Managed'
Mono path[1] = 'C:/Program Files/Unity/2020.3.11f1/Editor/Data/MonoBleedingEdge/lib/mono/unityjit'
Mono config path = 'C:/Program Files/Unity/2020.3.11f1/Editor/Data/MonoBleedingEdge/etc'
Using monoOptions --debugger-agent=transport=dt_socket,embedding=1,server=y,suspend=n,address=127.0.0.1:56768
Begin MonoManager ReloadAssembly
Registering precompiled unity dll's ...
Register platform support module: C:/Program Files/Unity/2020.3.11f1/Editor/Data/PlaybackEngines/WebGLSupport/UnityEditor.WebGL.Extensions.dll
Register platform support module: C:/Program Files/Unity/2020.3.11f1/Editor/Data/PlaybackEngines/MacStandaloneSupport/UnityEditor.OSXStandalone.Extensions.dll
Register platform support module: C:/Program Files/Unity/2020.3.11f1/Editor/Data/PlaybackEngines/WindowsStandaloneSupport/UnityEditor.WindowsStandalone.Extensions.dll
Registered in 0.003020 seconds.
Native extension for WindowsStandalone target not found
Native extension for OSXStandalone target not found
Native extension for WebGL target not found
Refreshing native plugins compatible for Editor in 70.05 ms, found 2 plugins.
Preloading 0 native plugins for Editor in 0.00 ms.
Mono: successfully reloaded assembly
- Completed reload, in  5.767 seconds
Platform modules already initialized, skipping
Registering precompiled user dll's ...
Registered in 0.008466 seconds.
Begin MonoManager ReloadAssembly
Native extension for WindowsStandalone target not found
Native extension for OSXStandalone target not found
Native extension for WebGL target not found
Refreshing native plugins compatible for Editor in 0.71 ms, found 2 plugins.
Preloading 0 native plugins for Editor in 0.00 ms.
Mono: successfully reloaded assembly
- Completed reload, in  1.133 seconds
Platform modules already initialized, skipping
========================================================================
Worker process is ready to serve import requests
Launched and connected shader compiler UnityShaderCompiler.exe after 0.08 seconds
Refreshing native plugins compatible for Editor in 0.40 ms, found 2 plugins.
Preloading 0 native plugins for Editor in 0.00 ms.
Unloading 1441 Unused Serialized files (Serialized files now loaded: 0)
System memory in use before: 68.4 MB.
System memory in use after: 68.5 MB.

Unloading 18 unused Assets to reduce memory usage. Loaded Objects now: 1875.
Total: 3.008600 ms (FindLiveObjects: 0.305300 ms CreateObjectMapping: 0.085700 ms MarkObjects: 2.519700 ms  DeleteObjects: 0.095800 ms)

========================================================================
Received Import Request.
  path: Assets/Prefab/PoleAndCam.prefab
  artifactKey: Guid(df3554589c0f0034d902615c992b13f5) Importer(815301076,1909f56bfc062723c751e8b465ee728b)
Start importing Assets/Prefab/PoleAndCam.prefab using Guid(df3554589c0f0034d902615c992b13f5) Importer(815301076,1909f56bfc062723c751e8b465ee728b)  -> (artifact id: '8afa4e0c456c75f294777cf33d9e9840') in 0.110207 seconds
  Import took 0.113330 seconds .

========================================================================
Received Import Request.
  Time since last request: 0.000571 seconds.
  path: Assets/Prefab/Camera/Camera.prefab
  artifactKey: Guid(46df656f0c96dd44899b88b615d171c2) Importer(815301076,1909f56bfc062723c751e8b465ee728b)
Start importing Assets/Prefab/Camera/Camera.prefab using Guid(46df656f0c96dd44899b88b615d171c2) Importer(815301076,1909f56bfc062723c751e8b465ee728b)  -> (artifact id: 'e7caab6615eaaf20f22d85e82361086f') in 0.014259 seconds
  Import took 0.017379 seconds .

========================================================================
Received Import Request.
  Time since last request: 0.000580 seconds.
  path: Assets/Prefab/Camera/Camera_Model.prefab
  artifactKey: Guid(631a93b59527d2144ab84b5490c2aa65) Importer(815301076,1909f56bfc062723c751e8b465ee728b)
Start importing Assets/Prefab/Camera/Camera_Model.prefab using Guid(631a93b59527d2144ab84b5490c2aa65) Importer(815301076,1909f56bfc062723c751e8b465ee728b)  -> (artifact id: '2ef421e5fa055083ce60fadd08ec42d9') in 0.014490 seconds
  Import took 0.017094 seconds .

========================================================================
Received Import Request.
  Time since last request: 0.000732 seconds.
  path: Assets/Prefab/Camera
  artifactKey: Guid(4c4d972a439aa184c980c6971fd864f5) Importer(815301076,1909f56bfc062723c751e8b465ee728b)
Start importing Assets/Prefab/Camera using Guid(4c4d972a439aa184c980c6971fd864f5) Importer(815301076,1909f56bfc062723c751e8b465ee728b)  -> (artifact id: '5bec4a9d81192cdce6a6a249f2d7deac') in 0.004068 seconds
  Import took 0.007481 seconds .

========================================================================
Received Prepare
Registering precompiled user dll's ...
Registered in 0.004859 seconds.
Begin MonoManager ReloadAssembly
Native extension for WindowsStandalone target not found
Native extension for OSXStandalone target not found
Native extension for WebGL target not found
Refreshing native plugins compatible for Editor in 0.41 ms, found 2 plugins.
Preloading 0 native plugins for Editor in 0.00 ms.
Mono: successfully reloaded assembly
- Completed reload, in  0.988 seconds
Platform modules already initialized, skipping
Refreshing native plugins compatible for Editor in 0.53 ms, found 2 plugins.
Preloading 0 native plugins for Editor in 0.00 ms.
Unloading 1422 Unused Serialized files (Serialized files now loaded: 0)
System memory in use before: 70.1 MB.
System memory in use after: 70.3 MB.

Unloading 13 unused Assets to reduce memory usage. Loaded Objects now: 1888.
Total: 2.100100 ms (FindLiveObjects: 0.243100 ms CreateObjectMapping: 0.069600 ms MarkObjects: 1.760700 ms  DeleteObjects: 0.024600 ms)

========================================================================
Received Import Request.
  Time since last request: 154.687918 seconds.
  path: Assets/Prefab/Camera/Camera.prefab
  artifactKey: Guid(46df656f0c96dd44899b88b615d171c2) Importer(815301076,1909f56bfc062723c751e8b465ee728b)
Start importing Assets/Prefab/Camera/Camera.prefab using Guid(46df656f0c96dd44899b88b615d171c2) Importer(815301076,1909f56bfc062723c751e8b465ee728b)  -> (artifact id: '8fa63f1b405724aede0a677cdda2935e') in 0.062031 seconds
  Import took 0.065227 seconds .

========================================================================
Received Prepare
Registering precompiled user dll's ...
Registered in 0.011290 seconds.
Begin MonoManager ReloadAssembly
Native extension for WindowsStandalone target not found
Native extension for OSXStandalone target not found
Native extension for WebGL target not found
Refreshing native plugins compatible for Editor in 0.43 ms, found 2 plugins.
Preloading 0 native plugins for Editor in 0.00 ms.
Mono: successfully reloaded assembly
- Completed reload, in  1.231 seconds
Platform modules already initialized, skipping
Refreshing native plugins compatible for Editor in 0.64 ms, found 2 plugins.
Preloading 0 native plugins for Editor in 0.00 ms.
Unloading 1422 Unused Serialized files (Serialized files now loaded: 0)
System memory in use before: 70.2 MB.
System memory in use after: 70.3 MB.

Unloading 13 unused Assets to reduce memory usage. Loaded Objects now: 1892.
Total: 3.546100 ms (FindLiveObjects: 0.486900 ms CreateObjectMapping: 0.116300 ms MarkObjects: 2.917200 ms  DeleteObjects: 0.022600 ms)

========================================================================
Received Prepare
Registering precompiled user dll's ...
Registered in 0.005505 seconds.
Begin MonoManager ReloadAssembly
Native extension for WindowsStandalone target not found
Native extension for OSXStandalone target not found
Native extension for WebGL target not found
Refreshing native plugins compatible for Editor in 0.87 ms, found 2 plugins.
Preloading 0 native plugins for Editor in 0.00 ms.
Mono: successfully reloaded assembly
- Completed reload, in  1.114 seconds
Platform modules already initialized, skipping
Refreshing native plugins compatible for Editor in 0.39 ms, found 2 plugins.
Preloading 0 native plugins for Editor in 0.00 ms.
Unloading 1422 Unused Serialized files (Serialized files now loaded: 0)
System memory in use before: 70.2 MB.
System memory in use after: 70.3 MB.

Unloading 13 unused Assets to reduce memory usage. Loaded Objects now: 1895.
Total: 2.149800 ms (FindLiveObjects: 0.264400 ms CreateObjectMapping: 0.066400 ms MarkObjects: 1.789700 ms  DeleteObjects: 0.027800 ms)

========================================================================
Received Import Request.
  Time since last request: 1554.745167 seconds.
  path: Assets/Prefab/Player.prefab
  artifactKey: Guid(066901ca5f991c848a9ee8318de32650) Importer(815301076,1909f56bfc062723c751e8b465ee728b)
Start importing Assets/Prefab/Player.prefab using Guid(066901ca5f991c848a9ee8318de32650) Importer(815301076,1909f56bfc062723c751e8b465ee728b)  -> (artifact id: 'df92cdadeea9b0411c0df78d75a6b91a') in 0.085570 seconds
  Import took 0.089258 seconds .

========================================================================
Received Import Request.
  Time since last request: 0.000392 seconds.
  path: Assets/Prefab/PoleAndCam.prefab
  artifactKey: Guid(df3554589c0f0034d902615c992b13f5) Importer(815301076,1909f56bfc062723c751e8b465ee728b)
Start importing Assets/Prefab/PoleAndCam.prefab using Guid(df3554589c0f0034d902615c992b13f5) Importer(815301076,1909f56bfc062723c751e8b465ee728b)  -> (artifact id: 'b31d2412ac1780ab2ceaf0cd69e3f08c') in 0.013988 seconds
  Import took 0.017451 seconds .

========================================================================
Received Import Request.
  Time since last request: 23.469223 seconds.
  path: Assets/Prefab/Canvas.prefab
  artifactKey: Guid(ccb09ac3bb9cfda4db3f89af5b5a5a4a) Importer(815301076,1909f56bfc062723c751e8b465ee728b)
Start importing Assets/Prefab/Canvas.prefab using Guid(ccb09ac3bb9cfda4db3f89af5b5a5a4a) Importer(815301076,1909f56bfc062723c751e8b465ee728b)  -> (artifact id: '1609305d7c46ec41d6f600469318b6b2') in 0.139358 seconds
  Import took 0.147199 seconds .

========================================================================
Received Import Request.
  Time since last request: 0.014184 seconds.
  path: Assets/Prefab/Canvas.prefab
  artifactKey: Guid(ccb09ac3bb9cfda4db3f89af5b5a5a4a) Importer(815301076,1909f56bfc062723c751e8b465ee728b)
Start importing Assets/Prefab/Canvas.prefab using Guid(ccb09ac3bb9cfda4db3f89af5b5a5a4a) Importer(815301076,1909f56bfc062723c751e8b465ee728b)  -> (artifact id: '1609305d7c46ec41d6f600469318b6b2') in 0.047064 seconds
  Import took 0.053279 seconds .

========================================================================
Received Prepare
Registering precompiled user dll's ...
Registered in 0.005717 seconds.
Begin MonoManager ReloadAssembly
Native extension for WindowsStandalone target not found
Native extension for OSXStandalone target not found
Native extension for WebGL target not found
Refreshing native plugins compatible for Editor in 0.43 ms, found 2 plugins.
Preloading 0 native plugins for Editor in 0.00 ms.
Mono: successfully reloaded assembly
- Completed reload, in  0.971 seconds
Platform modules already initialized, skipping
Refreshing native plugins compatible for Editor in 0.40 ms, found 2 plugins.
Preloading 0 native plugins for Editor in 0.00 ms.
Unloading 1423 Unused Serialized files (Serialized files now loaded: 0)
System memory in use before: 70.2 MB.
System memory in use after: 70.3 MB.

Unloading 14 unused Assets to reduce memory usage. Loaded Objects now: 1901.
Total: 2.186900 ms (FindLiveObjects: 0.244200 ms CreateObjectMapping: 0.067000 ms MarkObjects: 1.841700 ms  DeleteObjects: 0.031700 ms)

========================================================================
Received Prepare
Registering precompiled user dll's ...
Registered in 0.008728 seconds.
Begin MonoManager ReloadAssembly
Native extension for WindowsStandalone target not found
Native extension for OSXStandalone target not found
Native extension for WebGL target not found
Refreshing native plugins compatible for Editor in 0.48 ms, found 2 plugins.
Preloading 0 native plugins for Editor in 0.00 ms.
Mono: successfully reloaded assembly
- Completed reload, in  0.924 seconds
Platform modules already initialized, skipping
Refreshing native plugins compatible for Editor in 0.44 ms, found 2 plugins.
Preloading 0 native plugins for Editor in 0.00 ms.
Unloading 1423 Unused Serialized files (Serialized files now loaded: 0)
System memory in use before: 70.2 MB.
System memory in use after: 70.3 MB.

Unloading 13 unused Assets to reduce memory usage. Loaded Objects now: 1904.
Total: 2.889500 ms (FindLiveObjects: 0.267500 ms CreateObjectMapping: 0.067500 ms MarkObjects: 2.511600 ms  DeleteObjects: 0.040100 ms)

========================================================================
Received Prepare
Registering precompiled user dll's ...
Registered in 0.004704 seconds.
Begin MonoManager ReloadAssembly
Native extension for WindowsStandalone target not found
Native extension for OSXStandalone target not found
Native extension for WebGL target not found
Refreshing native plugins compatible for Editor in 0.48 ms, found 2 plugins.
Preloading 0 native plugins for Editor in 0.00 ms.
Mono: successfully reloaded assembly
- Completed reload, in  0.985 seconds
Platform modules already initialized, skipping
Refreshing native plugins compatible for Editor in 0.41 ms, found 2 plugins.
Preloading 0 native plugins for Editor in 0.00 ms.
Unloading 1423 Unused Serialized files (Serialized files now loaded: 0)
System memory in use before: 70.2 MB.
System memory in use after: 70.4 MB.

Unloading 13 unused Assets to reduce memory usage. Loaded Objects now: 1907.
Total: 2.023000 ms (FindLiveObjects: 0.210500 ms CreateObjectMapping: 0.035100 ms MarkObjects: 1.751300 ms  DeleteObjects: 0.024200 ms)

========================================================================
Received Prepare
Registering precompiled user dll's ...
Registered in 0.005359 seconds.
Begin MonoManager ReloadAssembly
Native extension for WindowsStandalone target not found
Native extension for OSXStandalone target not found
Native extension for WebGL target not found
Refreshing native plugins compatible for Editor in 0.44 ms, found 2 plugins.
Preloading 0 native plugins for Editor in 0.00 ms.
Mono: successfully reloaded assembly
- Completed reload, in  0.959 seconds
Platform modules already initialized, skipping
Refreshing native plugins compatible for Editor in 0.40 ms, found 2 plugins.
Preloading 0 native plugins for Editor in 0.00 ms.
Unloading 1423 Unused Serialized files (Serialized files now loaded: 0)
System memory in use before: 70.3 MB.
System memory in use after: 70.4 MB.

Unloading 13 unused Assets to reduce memory usage. Loaded Objects now: 1910.
Total: 2.469000 ms (FindLiveObjects: 0.263500 ms CreateObjectMapping: 0.065500 ms MarkObjects: 2.115300 ms  DeleteObjects: 0.022500 ms)

========================================================================
Received Prepare
Registering precompiled user dll's ...
Registered in 0.005736 seconds.
Begin MonoManager ReloadAssembly
Native extension for WindowsStandalone target not found
Native extension for OSXStandalone target not found
Native extension for WebGL target not found
Refreshing native plugins compatible for Editor in 0.44 ms, found 2 plugins.
Preloading 0 native plugins for Editor in 0.00 ms.
Mono: successfully reloaded assembly
- Completed reload, in  0.935 seconds
Platform modules already initialized, skipping
Refreshing native plugins compatible for Editor in 0.47 ms, found 2 plugins.
Preloading 0 native plugins for Editor in 0.00 ms.
Unloading 1423 Unused Serialized files (Serialized files now loaded: 0)
System memory in use before: 70.3 MB.
System memory in use after: 70.4 MB.

Unloading 13 unused Assets to reduce memory usage. Loaded Objects now: 1913.
Total: 2.138900 ms (FindLiveObjects: 0.254200 ms CreateObjectMapping: 0.068300 ms MarkObjects: 1.790500 ms  DeleteObjects: 0.023100 ms)

========================================================================
Received Import Request.
  Time since last request: 1199.113881 seconds.
  path: Assets/LocationPoint.cs
  artifactKey: Guid(7f993daa4a6250742a604ac143fffaf4) Importer(815301076,1909f56bfc062723c751e8b465ee728b)
Start importing Assets/LocationPoint.cs using Guid(7f993daa4a6250742a604ac143fffaf4) Importer(815301076,1909f56bfc062723c751e8b465ee728b)  -> (artifact id: '3b68a6c7935f2e74d140322d29eddfd5') in 0.011948 seconds
  Import took 0.015548 seconds .

========================================================================
Received Import Request.
  Time since last request: 0.017729 seconds.
  path: Assets/LocationPoint.cs
  artifactKey: Guid(7f993daa4a6250742a604ac143fffaf4) Importer(815301076,1909f56bfc062723c751e8b465ee728b)
Start importing Assets/LocationPoint.cs using Guid(7f993daa4a6250742a604ac143fffaf4) Importer(815301076,1909f56bfc062723c751e8b465ee728b)  -> (artifact id: '3b68a6c7935f2e74d140322d29eddfd5') in 0.004261 seconds
  Import took 0.006973 seconds .

========================================================================
Received Import Request.
  Time since last request: 1.154249 seconds.
  path: Assets/PlayerManager.cs
  artifactKey: Guid(73e4f73cd98a6034392deb73d17c641c) Importer(815301076,1909f56bfc062723c751e8b465ee728b)
Start importing Assets/PlayerManager.cs using Guid(73e4f73cd98a6034392deb73d17c641c) Importer(815301076,1909f56bfc062723c751e8b465ee728b)  -> (artifact id: '3492b20f331a858619bf14fda36dd289') in 0.004671 seconds
  Import took 0.008445 seconds .

========================================================================
Received Prepare
Registering precompiled user dll's ...
Registered in 0.004842 seconds.
Begin MonoManager ReloadAssembly
Native extension for WindowsStandalone target not found
Native extension for OSXStandalone target not found
Native extension for WebGL target not found
Refreshing native plugins compatible for Editor in 0.42 ms, found 2 plugins.
Preloading 0 native plugins for Editor in 0.00 ms.
Mono: successfully reloaded assembly
- Completed reload, in  1.039 seconds
Platform modules already initialized, skipping
Refreshing native plugins compatible for Editor in 0.41 ms, found 2 plugins.
Preloading 0 native plugins for Editor in 0.00 ms.
Unloading 1423 Unused Serialized files (Serialized files now loaded: 0)
System memory in use before: 70.3 MB.
System memory in use after: 70.4 MB.

Unloading 13 unused Assets to reduce memory usage. Loaded Objects now: 1916.
Total: 3.202700 ms (FindLiveObjects: 0.256700 ms CreateObjectMapping: 0.064400 ms MarkObjects: 2.852200 ms  DeleteObjects: 0.027000 ms)

========================================================================
Received Import Request.
  Time since last request: 25.563697 seconds.
  path: Assets/Scripts/Managers
  artifactKey: Guid(7f74f3fba52aa824e990f2c04b423aed) Importer(815301076,1909f56bfc062723c751e8b465ee728b)
Start importing Assets/Scripts/Managers using Guid(7f74f3fba52aa824e990f2c04b423aed) Importer(815301076,1909f56bfc062723c751e8b465ee728b)  -> (artifact id: '25857c83af3da51af81c565a408b0221') in 0.008105 seconds
  Import took 0.012043 seconds .

========================================================================
Received Prepare
Registering precompiled user dll's ...
Registered in 0.004853 seconds.
Begin MonoManager ReloadAssembly
Native extension for WindowsStandalone target not found
Native extension for OSXStandalone target not found
Native extension for WebGL target not found
Refreshing native plugins compatible for Editor in 0.60 ms, found 2 plugins.
Preloading 0 native plugins for Editor in 0.00 ms.
Mono: successfully reloaded assembly
- Completed reload, in  0.962 seconds
Platform modules already initialized, skipping
Refreshing native plugins compatible for Editor in 0.40 ms, found 2 plugins.
Preloading 0 native plugins for Editor in 0.00 ms.
Unloading 1423 Unused Serialized files (Serialized files now loaded: 0)
System memory in use before: 70.3 MB.
System memory in use after: 70.4 MB.

Unloading 13 unused Assets to reduce memory usage. Loaded Objects now: 1919.
Total: 2.696100 ms (FindLiveObjects: 0.250000 ms CreateObjectMapping: 0.067700 ms MarkObjects: 2.351700 ms  DeleteObjects: 0.024400 ms)

========================================================================
Received Prepare
Registering precompiled user dll's ...
Registered in 0.004815 seconds.
Begin MonoManager ReloadAssembly
Native extension for WindowsStandalone target not found
Native extension for OSXStandalone target not found
Native extension for WebGL target not found
Refreshing native plugins compatible for Editor in 0.63 ms, found 2 plugins.
Preloading 0 native plugins for Editor in 0.00 ms.
Mono: successfully reloaded assembly
- Completed reload, in  1.017 seconds
Platform modules already initialized, skipping
Refreshing native plugins compatible for Editor in 0.40 ms, found 2 plugins.
Preloading 0 native plugins for Editor in 0.00 ms.
Unloading 1423 Unused Serialized files (Serialized files now loaded: 0)
System memory in use before: 70.3 MB.
System memory in use after: 70.4 MB.

Unloading 13 unused Assets to reduce memory usage. Loaded Objects now: 1922.
Total: 2.299300 ms (FindLiveObjects: 0.213400 ms CreateObjectMapping: 0.035600 ms MarkObjects: 2.024800 ms  DeleteObjects: 0.023500 ms)

========================================================================
Received Prepare
Registering precompiled user dll's ...
Registered in 0.005171 seconds.
Begin MonoManager ReloadAssembly
Native extension for WindowsStandalone target not found
Native extension for OSXStandalone target not found
Native extension for WebGL target not found
Refreshing native plugins compatible for Editor in 0.41 ms, found 2 plugins.
Preloading 0 native plugins for Editor in 0.00 ms.
Mono: successfully reloaded assembly
- Completed reload, in  0.998 seconds
Platform modules already initialized, skipping
Refreshing native plugins compatible for Editor in 0.41 ms, found 2 plugins.
Preloading 0 native plugins for Editor in 0.00 ms.
Unloading 1423 Unused Serialized files (Serialized files now loaded: 0)
System memory in use before: 70.3 MB.
System memory in use after: 70.4 MB.

Unloading 13 unused Assets to reduce memory usage. Loaded Objects now: 1925.
Total: 3.756600 ms (FindLiveObjects: 0.238100 ms CreateObjectMapping: 0.036900 ms MarkObjects: 3.440200 ms  DeleteObjects: 0.038200 ms)

========================================================================
Received Prepare
Registering precompiled user dll's ...
Registered in 0.005463 seconds.
Begin MonoManager ReloadAssembly
Native extension for WindowsStandalone target not found
Native extension for OSXStandalone target not found
Native extension for WebGL target not found
Refreshing native plugins compatible for Editor in 0.48 ms, found 2 plugins.
Preloading 0 native plugins for Editor in 0.00 ms.
Mono: successfully reloaded assembly
- Completed reload, in  0.968 seconds
Platform modules already initialized, skipping
Refreshing native plugins compatible for Editor in 0.40 ms, found 2 plugins.
Preloading 0 native plugins for Editor in 0.00 ms.
Unloading 1423 Unused Serialized files (Serialized files now loaded: 0)
System memory in use before: 70.3 MB.
System memory in use after: 70.4 MB.

Unloading 13 unused Assets to reduce memory usage. Loaded Objects now: 1928.
Total: 2.857000 ms (FindLiveObjects: 0.249700 ms CreateObjectMapping: 0.066300 ms MarkObjects: 2.514100 ms  DeleteObjects: 0.025200 ms)

========================================================================
Received Import Request.
  Time since last request: 33.976768 seconds.
  path: Assets/Scripts/Managers/LocationPoint.cs
  artifactKey: Guid(7f993daa4a6250742a604ac143fffaf4) Importer(815301076,1909f56bfc062723c751e8b465ee728b)
Start importing Assets/Scripts/Managers/LocationPoint.cs using Guid(7f993daa4a6250742a604ac143fffaf4) Importer(815301076,1909f56bfc062723c751e8b465ee728b)  -> (artifact id: 'b2bbbad081dd05086abe48cdea3f02f8') in 0.006903 seconds
  Import took 0.012394 seconds .

========================================================================
Received Import Request.
  Time since last request: 0.026473 seconds.
  path: Assets/Scripts/Managers/LocationPoint.cs
  artifactKey: Guid(7f993daa4a6250742a604ac143fffaf4) Importer(815301076,1909f56bfc062723c751e8b465ee728b)
Start importing Assets/Scripts/Managers/LocationPoint.cs using Guid(7f993daa4a6250742a604ac143fffaf4) Importer(815301076,1909f56bfc062723c751e8b465ee728b)  -> (artifact id: 'b2bbbad081dd05086abe48cdea3f02f8') in 0.004185 seconds
  Import took 0.007549 seconds .

========================================================================
Received Import Request.
  Time since last request: 6.458640 seconds.
  path: Assets/Scripts/Managers/Location
  artifactKey: Guid(8c69188caa9e4e74a8aeb8eeb9075a7a) Importer(815301076,1909f56bfc062723c751e8b465ee728b)
Start importing Assets/Scripts/Managers/Location using Guid(8c69188caa9e4e74a8aeb8eeb9075a7a) Importer(815301076,1909f56bfc062723c751e8b465ee728b)  -> (artifact id: '2cb009215cca114b65865d871ae84715') in 0.005808 seconds
  Import took 0.011951 seconds .

========================================================================
Received Prepare
Registering precompiled user dll's ...
Registered in 0.005445 seconds.
Begin MonoManager ReloadAssembly
Native extension for WindowsStandalone target not found
Native extension for OSXStandalone target not found
Native extension for WebGL target not found
Refreshing native plugins compatible for Editor in 0.40 ms, found 2 plugins.
Preloading 0 native plugins for Editor in 0.00 ms.
Mono: successfully reloaded assembly
- Completed reload, in  0.950 seconds
Platform modules already initialized, skipping
Refreshing native plugins compatible for Editor in 0.39 ms, found 2 plugins.
Preloading 0 native plugins for Editor in 0.00 ms.
Unloading 1423 Unused Serialized files (Serialized files now loaded: 0)
System memory in use before: 70.3 MB.
System memory in use after: 70.4 MB.

Unloading 13 unused Assets to reduce memory usage. Loaded Objects now: 1931.
Total: 2.244900 ms (FindLiveObjects: 0.318300 ms CreateObjectMapping: 0.086700 ms MarkObjects: 1.815500 ms  DeleteObjects: 0.021800 ms)

========================================================================
Received Import Request.
  Time since last request: 30.438122 seconds.
  path: Assets/Scripts/Managers/Location Point
  artifactKey: Guid(8c69188caa9e4e74a8aeb8eeb9075a7a) Importer(815301076,1909f56bfc062723c751e8b465ee728b)
Start importing Assets/Scripts/Managers/Location Point using Guid(8c69188caa9e4e74a8aeb8eeb9075a7a) Importer(815301076,1909f56bfc062723c751e8b465ee728b)  -> (artifact id: '62623ffbba1c2d89b5800af6a74ceeb1') in 0.009394 seconds
  Import took 0.012325 seconds .

========================================================================
Received Prepare
Registering precompiled user dll's ...
Registered in 0.005734 seconds.
Begin MonoManager ReloadAssembly
Native extension for WindowsStandalone target not found
Native extension for OSXStandalone target not found
Native extension for WebGL target not found
Refreshing native plugins compatible for Editor in 0.40 ms, found 2 plugins.
Preloading 0 native plugins for Editor in 0.00 ms.
Mono: successfully reloaded assembly
- Completed reload, in  1.003 seconds
Platform modules already initialized, skipping
Refreshing native plugins compatible for Editor in 0.39 ms, found 2 plugins.
Preloading 0 native plugins for Editor in 0.00 ms.
Unloading 1423 Unused Serialized files (Serialized files now loaded: 0)
System memory in use before: 70.3 MB.
System memory in use after: 70.4 MB.

Unloading 13 unused Assets to reduce memory usage. Loaded Objects now: 1934.
Total: 2.289400 ms (FindLiveObjects: 0.272200 ms CreateObjectMapping: 0.066500 ms MarkObjects: 1.921800 ms  DeleteObjects: 0.026200 ms)

========================================================================
Received Prepare
Registering precompiled user dll's ...
Registered in 0.005180 seconds.
Begin MonoManager ReloadAssembly
Native extension for WindowsStandalone target not found
Native extension for OSXStandalone target not found
Native extension for WebGL target not found
Refreshing native plugins compatible for Editor in 0.40 ms, found 2 plugins.
Preloading 0 native plugins for Editor in 0.00 ms.
Mono: successfully reloaded assembly
- Completed reload, in  0.967 seconds
Platform modules already initialized, skipping
Refreshing native plugins compatible for Editor in 0.40 ms, found 2 plugins.
Preloading 0 native plugins for Editor in 0.00 ms.
Unloading 1423 Unused Serialized files (Serialized files now loaded: 0)
System memory in use before: 70.3 MB.
System memory in use after: 70.4 MB.

Unloading 13 unused Assets to reduce memory usage. Loaded Objects now: 1937.
Total: 1.983900 ms (FindLiveObjects: 0.207600 ms CreateObjectMapping: 0.034400 ms MarkObjects: 1.718600 ms  DeleteObjects: 0.022100 ms)

========================================================================
Received Import Request.
  Time since last request: 22.464386 seconds.
  path: Assets/Scripts/Managers/Location Point/LocationPoint.cs
  artifactKey: Guid(7f993daa4a6250742a604ac143fffaf4) Importer(815301076,1909f56bfc062723c751e8b465ee728b)
Start importing Assets/Scripts/Managers/Location Point/LocationPoint.cs using Guid(7f993daa4a6250742a604ac143fffaf4) Importer(815301076,1909f56bfc062723c751e8b465ee728b)  -> (artifact id: '92477981760a2c507c6fbaed0d000606') in 0.006149 seconds
  Import took 0.008691 seconds .

========================================================================
Received Prepare
Registering precompiled user dll's ...
Registered in 0.006259 seconds.
Begin MonoManager ReloadAssembly
Native extension for WindowsStandalone target not found
Native extension for OSXStandalone target not found
Native extension for WebGL target not found
Refreshing native plugins compatible for Editor in 0.40 ms, found 2 plugins.
Preloading 0 native plugins for Editor in 0.00 ms.
Mono: successfully reloaded assembly
- Completed reload, in  0.943 seconds
Platform modules already initialized, skipping
Refreshing native plugins compatible for Editor in 0.40 ms, found 2 plugins.
Preloading 0 native plugins for Editor in 0.00 ms.
Unloading 1423 Unused Serialized files (Serialized files now loaded: 0)
System memory in use before: 70.3 MB.
System memory in use after: 70.4 MB.

Unloading 13 unused Assets to reduce memory usage. Loaded Objects now: 1940.
Total: 2.298000 ms (FindLiveObjects: 0.313100 ms CreateObjectMapping: 0.087300 ms MarkObjects: 1.871300 ms  DeleteObjects: 0.023900 ms)

========================================================================
Received Import Request.
  Time since last request: 75.170620 seconds.
  path: Assets/Scripts/Managers/Location Point/LocationPoint.cs
  artifactKey: Guid(7f993daa4a6250742a604ac143fffaf4) Importer(815301076,1909f56bfc062723c751e8b465ee728b)
Start importing Assets/Scripts/Managers/Location Point/LocationPoint.cs using Guid(7f993daa4a6250742a604ac143fffaf4) Importer(815301076,1909f56bfc062723c751e8b465ee728b)  -> (artifact id: '461ca5978bdc0f8a13259f610f759b19') in 0.006690 seconds
  Import took 0.009388 seconds .

========================================================================
Received Import Request.
  Time since last request: 0.660201 seconds.
  path: Assets/Scripts/Managers
  artifactKey: Guid(7f74f3fba52aa824e990f2c04b423aed) Importer(815301076,1909f56bfc062723c751e8b465ee728b)
Start importing Assets/Scripts/Managers using Guid(7f74f3fba52aa824e990f2c04b423aed) Importer(815301076,1909f56bfc062723c751e8b465ee728b)  -> (artifact id: '30e600352ed6945211f92fc08ff56540') in 0.003853 seconds
  Import took 0.007718 seconds .

========================================================================
Received Import Request.
  Time since last request: 8.647708 seconds.
  path: Assets/Scripts/Managers/LocationPointManager.cs
  artifactKey: Guid(cf5a4d0b9fe5b8d4594797ef1fd7fa76) Importer(815301076,1909f56bfc062723c751e8b465ee728b)
Start importing Assets/Scripts/Managers/LocationPointManager.cs using Guid(cf5a4d0b9fe5b8d4594797ef1fd7fa76) Importer(815301076,1909f56bfc062723c751e8b465ee728b)  -> (artifact id: 'f01643c8145cc4da2b2934f99b353a4c') in 0.007908 seconds
  Import took 0.012391 seconds .

========================================================================
Received Prepare
Registering precompiled user dll's ...
Registered in 0.005153 seconds.
Begin MonoManager ReloadAssembly
Native extension for WindowsStandalone target not found
Native extension for OSXStandalone target not found
Native extension for WebGL target not found
Refreshing native plugins compatible for Editor in 0.43 ms, found 2 plugins.
Preloading 0 native plugins for Editor in 0.00 ms.
Mono: successfully reloaded assembly
- Completed reload, in  0.956 seconds
Platform modules already initialized, skipping
Refreshing native plugins compatible for Editor in 0.40 ms, found 2 plugins.
Preloading 0 native plugins for Editor in 0.00 ms.
Unloading 1424 Unused Serialized files (Serialized files now loaded: 0)
System memory in use before: 70.3 MB.
System memory in use after: 70.5 MB.

Unloading 13 unused Assets to reduce memory usage. Loaded Objects now: 1944.
Total: 2.068400 ms (FindLiveObjects: 0.252100 ms CreateObjectMapping: 0.039500 ms MarkObjects: 1.751600 ms  DeleteObjects: 0.023700 ms)

========================================================================
Received Prepare
Registering precompiled user dll's ...
Registered in 0.005217 seconds.
Begin MonoManager ReloadAssembly
Native extension for WindowsStandalone target not found
Native extension for OSXStandalone target not found
Native extension for WebGL target not found
Refreshing native plugins compatible for Editor in 0.40 ms, found 2 plugins.
Preloading 0 native plugins for Editor in 0.00 ms.
Mono: successfully reloaded assembly
- Completed reload, in  0.942 seconds
Platform modules already initialized, skipping
Refreshing native plugins compatible for Editor in 0.41 ms, found 2 plugins.
Preloading 0 native plugins for Editor in 0.00 ms.
Unloading 1424 Unused Serialized files (Serialized files now loaded: 0)
System memory in use before: 70.3 MB.
System memory in use after: 70.5 MB.

Unloading 13 unused Assets to reduce memory usage. Loaded Objects now: 1947.
Total: 2.180500 ms (FindLiveObjects: 0.264500 ms CreateObjectMapping: 0.067000 ms MarkObjects: 1.825800 ms  DeleteObjects: 0.021400 ms)

========================================================================
Received Import Request.
  Time since last request: 246.267309 seconds.
  path: Assets/Scripts/Managers/LocationPointManager.cs
  artifactKey: Guid(cf5a4d0b9fe5b8d4594797ef1fd7fa76) Importer(815301076,1909f56bfc062723c751e8b465ee728b)
Start importing Assets/Scripts/Managers/LocationPointManager.cs using Guid(cf5a4d0b9fe5b8d4594797ef1fd7fa76) Importer(815301076,1909f56bfc062723c751e8b465ee728b)  -> (artifact id: 'ce396e70da4efca8e0c2f10b119716b3') in 0.007275 seconds
  Import took 0.009909 seconds .

========================================================================
Received Import Request.
  Time since last request: 14.551276 seconds.
  path: Assets/Prefab/Location Point.prefab
  artifactKey: Guid(7ce84bc8c7db9e342943d3e2e109d698) Importer(815301076,1909f56bfc062723c751e8b465ee728b)
Start importing Assets/Prefab/Location Point.prefab using Guid(7ce84bc8c7db9e342943d3e2e109d698) Importer(815301076,1909f56bfc062723c751e8b465ee728b)  -> (artifact id: '8d4d98871db761ee1b066c3bf8434c1c') in 0.057993 seconds
  Import took 0.061189 seconds .

========================================================================
Received Import Request.
  Time since last request: 0.000450 seconds.
  path: Assets/Prefab/Canvas.prefab
  artifactKey: Guid(ccb09ac3bb9cfda4db3f89af5b5a5a4a) Importer(815301076,1909f56bfc062723c751e8b465ee728b)
Start importing Assets/Prefab/Canvas.prefab using Guid(ccb09ac3bb9cfda4db3f89af5b5a5a4a) Importer(815301076,1909f56bfc062723c751e8b465ee728b)  -> (artifact id: 'a7996fcd317631fab3630522669a76b7') in 0.061377 seconds
  Import took 0.064600 seconds .

========================================================================
Received Import Request.
  Time since last request: 0.000460 seconds.
  path: Assets/Prefab/Player.prefab
  artifactKey: Guid(066901ca5f991c848a9ee8318de32650) Importer(815301076,1909f56bfc062723c751e8b465ee728b)
Start importing Assets/Prefab/Player.prefab using Guid(066901ca5f991c848a9ee8318de32650) Importer(815301076,1909f56bfc062723c751e8b465ee728b)  -> (artifact id: '5a4219a3b65d807ae0aecc7218e7383c') in 0.015990 seconds
  Import took 0.019636 seconds .

========================================================================
Received Import Request.
  Time since last request: 142.035470 seconds.
  path: Assets/Prefab/Start Location Point.prefab
  artifactKey: Guid(c13ed4ba67fd0204181d4b35f801ab13) Importer(815301076,1909f56bfc062723c751e8b465ee728b)
Start importing Assets/Prefab/Start Location Point.prefab using Guid(c13ed4ba67fd0204181d4b35f801ab13) Importer(815301076,1909f56bfc062723c751e8b465ee728b)  -> (artifact id: 'c647dbc57bd3f5fab0ec096f503a787e') in 0.013764 seconds
  Import took 0.017147 seconds .

========================================================================
Received Import Request.
  Time since last request: 0.007788 seconds.
  path: Assets/Prefab/Start Location Point.prefab
  artifactKey: Guid(c13ed4ba67fd0204181d4b35f801ab13) Importer(815301076,1909f56bfc062723c751e8b465ee728b)
Start importing Assets/Prefab/Start Location Point.prefab using Guid(c13ed4ba67fd0204181d4b35f801ab13) Importer(815301076,1909f56bfc062723c751e8b465ee728b)  -> (artifact id: 'c647dbc57bd3f5fab0ec096f503a787e') in 0.012302 seconds
  Import took 0.016040 seconds .

========================================================================
Received Import Request.
  Time since last request: 15.138939 seconds.
  path: Assets/Prefab/Location Point.prefab
  artifactKey: Guid(7ce84bc8c7db9e342943d3e2e109d698) Importer(815301076,1909f56bfc062723c751e8b465ee728b)
Start importing Assets/Prefab/Location Point.prefab using Guid(7ce84bc8c7db9e342943d3e2e109d698) Importer(815301076,1909f56bfc062723c751e8b465ee728b)  -> (artifact id: 'a0e95855c2060e59ef1d8e63f9b64da5') in 0.014041 seconds
  Import took 0.017152 seconds .

========================================================================
Received Import Request.
  Time since last request: 0.005074 seconds.
  path: Assets/Prefab/Location Point.prefab
  artifactKey: Guid(7ce84bc8c7db9e342943d3e2e109d698) Importer(815301076,1909f56bfc062723c751e8b465ee728b)
Start importing Assets/Prefab/Location Point.prefab using Guid(7ce84bc8c7db9e342943d3e2e109d698) Importer(815301076,1909f56bfc062723c751e8b465ee728b)  -> (artifact id: 'a0e95855c2060e59ef1d8e63f9b64da5') in 0.015542 seconds
  Import took 0.018686 seconds .

========================================================================
Received Import Request.
  Time since last request: 0.000433 seconds.
  path: Assets/Prefab/Start Location Point.prefab
  artifactKey: Guid(c13ed4ba67fd0204181d4b35f801ab13) Importer(815301076,1909f56bfc062723c751e8b465ee728b)
Start importing Assets/Prefab/Start Location Point.prefab using Guid(c13ed4ba67fd0204181d4b35f801ab13) Importer(815301076,1909f56bfc062723c751e8b465ee728b)  -> (artifact id: '550eb9f5cc59eb5ab4d24f1cd8e068cb') in 0.014173 seconds
  Import took 0.017095 seconds .

========================================================================
Received Import Request.
  Time since last request: 25.533917 seconds.
  path: Assets/Prefab/Start Location Point.prefab
  artifactKey: Guid(c13ed4ba67fd0204181d4b35f801ab13) Importer(815301076,1909f56bfc062723c751e8b465ee728b)
Start importing Assets/Prefab/Start Location Point.prefab using Guid(c13ed4ba67fd0204181d4b35f801ab13) Importer(815301076,1909f56bfc062723c751e8b465ee728b)  -> (artifact id: '957e9caa160bbeb9b6457b541c37b7b4') in 0.013991 seconds
  Import took 0.017497 seconds .

========================================================================
Received Import Request.
  Time since last request: 10.096447 seconds.
  path: Assets/Material/Metal.mat
  artifactKey: Guid(1bf66bbb55967b3459ce667f3bae9e02) Importer(815301076,1909f56bfc062723c751e8b465ee728b)
Start importing Assets/Material/Metal.mat using Guid(1bf66bbb55967b3459ce667f3bae9e02) Importer(815301076,1909f56bfc062723c751e8b465ee728b)  -> (artifact id: '6b000e432b0736e4931617cf8adbf12e') in 0.041217 seconds
  Import took 0.044780 seconds .

========================================================================
Received Import Request.
  Time since last request: 29.481705 seconds.
  path: Assets/Material/StartLocationPoint.mat
  artifactKey: Guid(551e4789c16aed244881c89c75262336) Importer(815301076,1909f56bfc062723c751e8b465ee728b)
Start importing Assets/Material/StartLocationPoint.mat using Guid(551e4789c16aed244881c89c75262336) Importer(815301076,1909f56bfc062723c751e8b465ee728b)  -> (artifact id: 'e496546aa4f5fdf15e4e771fc8008046') in 0.012105 seconds
  Import took 0.015582 seconds .

========================================================================
Received Import Request.
  Time since last request: 29.852296 seconds.
  path: Assets/Prefab/Start Location Point.prefab
  artifactKey: Guid(c13ed4ba67fd0204181d4b35f801ab13) Importer(815301076,1909f56bfc062723c751e8b465ee728b)
Start importing Assets/Prefab/Start Location Point.prefab using Guid(c13ed4ba67fd0204181d4b35f801ab13) Importer(815301076,1909f56bfc062723c751e8b465ee728b)  -> (artifact id: 'fbdee693ca2e3e9363d46efe73dfa784') in 0.015166 seconds
  Import took 0.018964 seconds .

========================================================================
Received Import Request.
  Time since last request: 11.546409 seconds.
  path: Assets/Prefab/End Location Point.prefab
  artifactKey: Guid(f0c44581a8d44004e8e5f1218ca665c9) Importer(815301076,1909f56bfc062723c751e8b465ee728b)
Start importing Assets/Prefab/End Location Point.prefab using Guid(f0c44581a8d44004e8e5f1218ca665c9) Importer(815301076,1909f56bfc062723c751e8b465ee728b)  -> (artifact id: '693b9525233fd96807e6828da0a4c0a9') in 0.012654 seconds
  Import took 0.016276 seconds .

========================================================================
Received Import Request.
  Time since last request: 0.007269 seconds.
  path: Assets/Prefab/End Location Point.prefab
  artifactKey: Guid(f0c44581a8d44004e8e5f1218ca665c9) Importer(815301076,1909f56bfc062723c751e8b465ee728b)
Start importing Assets/Prefab/End Location Point.prefab using Guid(f0c44581a8d44004e8e5f1218ca665c9) Importer(815301076,1909f56bfc062723c751e8b465ee728b)  -> (artifact id: '693b9525233fd96807e6828da0a4c0a9') in 0.013615 seconds
  Import took 0.016577 seconds .

========================================================================
Received Import Request.
  Time since last request: 51.961851 seconds.
  path: Assets/Prefab/End Location Point.prefab
  artifactKey: Guid(f0c44581a8d44004e8e5f1218ca665c9) Importer(815301076,1909f56bfc062723c751e8b465ee728b)
Start importing Assets/Prefab/End Location Point.prefab using Guid(f0c44581a8d44004e8e5f1218ca665c9) Importer(815301076,1909f56bfc062723c751e8b465ee728b)  -> (artifact id: '263578689d75df51fa623e4f53b12ee8') in 0.016956 seconds
  Import took 0.019788 seconds .

========================================================================
Received Import Request.
  Time since last request: 13.660675 seconds.
  path: Assets/Prefab/Location Points
  artifactKey: Guid(7faea2d38fee1794d899953d0da87437) Importer(815301076,1909f56bfc062723c751e8b465ee728b)
Start importing Assets/Prefab/Location Points using Guid(7faea2d38fee1794d899953d0da87437) Importer(815301076,1909f56bfc062723c751e8b465ee728b)  -> (artifact id: '5134f8239c4d38a79f7e90354e631363') in 0.009056 seconds
  Import took 0.012261 seconds .

========================================================================
Received Prepare
Registering precompiled user dll's ...
Registered in 0.004952 seconds.
Begin MonoManager ReloadAssembly
Native extension for WindowsStandalone target not found
Native extension for OSXStandalone target not found
Native extension for WebGL target not found
Refreshing native plugins compatible for Editor in 0.41 ms, found 2 plugins.
Preloading 0 native plugins for Editor in 0.00 ms.
Mono: successfully reloaded assembly
- Completed reload, in  0.967 seconds
Platform modules already initialized, skipping
Refreshing native plugins compatible for Editor in 0.39 ms, found 2 plugins.
Preloading 0 native plugins for Editor in 0.00 ms.
Unloading 1424 Unused Serialized files (Serialized files now loaded: 0)
System memory in use before: 70.7 MB.
System memory in use after: 70.8 MB.

Unloading 14 unused Assets to reduce memory usage. Loaded Objects now: 1984.
Total: 2.173900 ms (FindLiveObjects: 0.336300 ms CreateObjectMapping: 0.044100 ms MarkObjects: 1.758900 ms  DeleteObjects: 0.032600 ms)

========================================================================
Received Prepare
Registering precompiled user dll's ...
Registered in 0.005173 seconds.
Begin MonoManager ReloadAssembly
Native extension for WindowsStandalone target not found
Native extension for OSXStandalone target not found
Native extension for WebGL target not found
Refreshing native plugins compatible for Editor in 0.41 ms, found 2 plugins.
Preloading 0 native plugins for Editor in 0.00 ms.
Mono: successfully reloaded assembly
- Completed reload, in  0.945 seconds
Platform modules already initialized, skipping
Refreshing native plugins compatible for Editor in 0.40 ms, found 2 plugins.
Preloading 0 native plugins for Editor in 0.00 ms.
Unloading 1424 Unused Serialized files (Serialized files now loaded: 0)
System memory in use before: 70.7 MB.
System memory in use after: 70.8 MB.

Unloading 13 unused Assets to reduce memory usage. Loaded Objects now: 1987.
Total: 2.502300 ms (FindLiveObjects: 0.262700 ms CreateObjectMapping: 0.068400 ms MarkObjects: 2.145000 ms  DeleteObjects: 0.024500 ms)

========================================================================
Received Prepare
Registering precompiled user dll's ...
Registered in 0.006025 seconds.
Begin MonoManager ReloadAssembly
Native extension for WindowsStandalone target not found
Native extension for OSXStandalone target not found
Native extension for WebGL target not found
Refreshing native plugins compatible for Editor in 0.41 ms, found 2 plugins.
Preloading 0 native plugins for Editor in 0.00 ms.
Mono: successfully reloaded assembly
- Completed reload, in  1.020 seconds
Platform modules already initialized, skipping
Refreshing native plugins compatible for Editor in 0.40 ms, found 2 plugins.
Preloading 0 native plugins for Editor in 0.00 ms.
Unloading 1424 Unused Serialized files (Serialized files now loaded: 0)
System memory in use before: 70.7 MB.
System memory in use after: 70.8 MB.

Unloading 13 unused Assets to reduce memory usage. Loaded Objects now: 1990.
Total: 2.495500 ms (FindLiveObjects: 0.270700 ms CreateObjectMapping: 0.065000 ms MarkObjects: 2.131400 ms  DeleteObjects: 0.026300 ms)

========================================================================
Received Prepare
Registering precompiled user dll's ...
Registered in 0.004887 seconds.
Begin MonoManager ReloadAssembly
Native extension for WindowsStandalone target not found
Native extension for OSXStandalone target not found
Native extension for WebGL target not found
Refreshing native plugins compatible for Editor in 0.41 ms, found 2 plugins.
Preloading 0 native plugins for Editor in 0.00 ms.
Mono: successfully reloaded assembly
- Completed reload, in  0.936 seconds
Platform modules already initialized, skipping
Refreshing native plugins compatible for Editor in 0.49 ms, found 2 plugins.
Preloading 0 native plugins for Editor in 0.00 ms.
Unloading 1424 Unused Serialized files (Serialized files now loaded: 0)
System memory in use before: 70.7 MB.
System memory in use after: 70.8 MB.

Unloading 13 unused Assets to reduce memory usage. Loaded Objects now: 1993.
Total: 2.300500 ms (FindLiveObjects: 0.212100 ms CreateObjectMapping: 0.035300 ms MarkObjects: 2.024900 ms  DeleteObjects: 0.026200 ms)

========================================================================
Received Prepare
Registering precompiled user dll's ...
Registered in 0.005113 seconds.
Begin MonoManager ReloadAssembly
Native extension for WindowsStandalone target not found
Native extension for OSXStandalone target not found
Native extension for WebGL target not found
Refreshing native plugins compatible for Editor in 0.88 ms, found 2 plugins.
Preloading 0 native plugins for Editor in 0.00 ms.
Mono: successfully reloaded assembly
- Completed reload, in  0.974 seconds
Platform modules already initialized, skipping
Refreshing native plugins compatible for Editor in 0.40 ms, found 2 plugins.
Preloading 0 native plugins for Editor in 0.00 ms.
Unloading 1424 Unused Serialized files (Serialized files now loaded: 0)
System memory in use before: 70.7 MB.
System memory in use after: 70.8 MB.

Unloading 13 unused Assets to reduce memory usage. Loaded Objects now: 1996.
Total: 2.558000 ms (FindLiveObjects: 0.327800 ms CreateObjectMapping: 0.084900 ms MarkObjects: 2.121400 ms  DeleteObjects: 0.021600 ms)

========================================================================
Received Prepare
Registering precompiled user dll's ...
Registered in 0.004966 seconds.
Begin MonoManager ReloadAssembly
Native extension for WindowsStandalone target not found
Native extension for OSXStandalone target not found
Native extension for WebGL target not found
Refreshing native plugins compatible for Editor in 0.40 ms, found 2 plugins.
Preloading 0 native plugins for Editor in 0.00 ms.
Mono: successfully reloaded assembly
- Completed reload, in  0.969 seconds
Platform modules already initialized, skipping
Refreshing native plugins compatible for Editor in 0.39 ms, found 2 plugins.
Preloading 0 native plugins for Editor in 0.00 ms.
Unloading 1424 Unused Serialized files (Serialized files now loaded: 0)
System memory in use before: 70.7 MB.
System memory in use after: 70.8 MB.

Unloading 13 unused Assets to reduce memory usage. Loaded Objects now: 1999.
Total: 2.309000 ms (FindLiveObjects: 0.287400 ms CreateObjectMapping: 0.050500 ms MarkObjects: 1.944200 ms  DeleteObjects: 0.024500 ms)

========================================================================
Received Prepare
Registering precompiled user dll's ...
Registered in 0.006628 seconds.
Begin MonoManager ReloadAssembly
Native extension for WindowsStandalone target not found
Native extension for OSXStandalone target not found
Native extension for WebGL target not found
Refreshing native plugins compatible for Editor in 0.40 ms, found 2 plugins.
Preloading 0 native plugins for Editor in 0.00 ms.
Mono: successfully reloaded assembly
- Completed reload, in  0.969 seconds
Platform modules already initialized, skipping
Refreshing native plugins compatible for Editor in 0.40 ms, found 2 plugins.
Preloading 0 native plugins for Editor in 0.00 ms.
Unloading 1424 Unused Serialized files (Serialized files now loaded: 0)
System memory in use before: 70.7 MB.
System memory in use after: 70.8 MB.

Unloading 13 unused Assets to reduce memory usage. Loaded Objects now: 2002.
Total: 2.087400 ms (FindLiveObjects: 0.289300 ms CreateObjectMapping: 0.067900 ms MarkObjects: 1.705400 ms  DeleteObjects: 0.022800 ms)

========================================================================
Received Prepare
Registering precompiled user dll's ...
Registered in 0.004873 seconds.
Begin MonoManager ReloadAssembly
Native extension for WindowsStandalone target not found
Native extension for OSXStandalone target not found
Native extension for WebGL target not found
Refreshing native plugins compatible for Editor in 0.44 ms, found 2 plugins.
Preloading 0 native plugins for Editor in 0.00 ms.
Mono: successfully reloaded assembly
- Completed reload, in  1.093 seconds
Platform modules already initialized, skipping
Refreshing native plugins compatible for Editor in 0.48 ms, found 2 plugins.
Preloading 0 native plugins for Editor in 0.00 ms.
Unloading 1424 Unused Serialized files (Serialized files now loaded: 0)
System memory in use before: 70.7 MB.
System memory in use after: 70.8 MB.

Unloading 13 unused Assets to reduce memory usage. Loaded Objects now: 2005.
Total: 2.985000 ms (FindLiveObjects: 0.235700 ms CreateObjectMapping: 0.037900 ms MarkObjects: 2.686100 ms  DeleteObjects: 0.023300 ms)

========================================================================
Received Prepare
Registering precompiled user dll's ...
Registered in 0.004824 seconds.
Begin MonoManager ReloadAssembly
Native extension for WindowsStandalone target not found
Native extension for OSXStandalone target not found
Native extension for WebGL target not found
Refreshing native plugins compatible for Editor in 0.40 ms, found 2 plugins.
Preloading 0 native plugins for Editor in 0.00 ms.
Mono: successfully reloaded assembly
- Completed reload, in  1.107 seconds
Platform modules already initialized, skipping
Refreshing native plugins compatible for Editor in 0.45 ms, found 2 plugins.
Preloading 0 native plugins for Editor in 0.00 ms.
Unloading 1424 Unused Serialized files (Serialized files now loaded: 0)
System memory in use before: 70.7 MB.
System memory in use after: 70.8 MB.

Unloading 13 unused Assets to reduce memory usage. Loaded Objects now: 2008.
Total: 3.756100 ms (FindLiveObjects: 0.599100 ms CreateObjectMapping: 0.105300 ms MarkObjects: 3.024500 ms  DeleteObjects: 0.024600 ms)

========================================================================
Received Prepare
Registering precompiled user dll's ...
Registered in 0.005251 seconds.
Begin MonoManager ReloadAssembly
Native extension for WindowsStandalone target not found
Native extension for OSXStandalone target not found
Native extension for WebGL target not found
Refreshing native plugins compatible for Editor in 0.40 ms, found 2 plugins.
Preloading 0 native plugins for Editor in 0.00 ms.
Mono: successfully reloaded assembly
- Completed reload, in  0.951 seconds
Platform modules already initialized, skipping
Refreshing native plugins compatible for Editor in 0.39 ms, found 2 plugins.
Preloading 0 native plugins for Editor in 0.00 ms.
Unloading 1424 Unused Serialized files (Serialized files now loaded: 0)
System memory in use before: 70.7 MB.
System memory in use after: 70.8 MB.

Unloading 13 unused Assets to reduce memory usage. Loaded Objects now: 2011.
Total: 2.357100 ms (FindLiveObjects: 0.286800 ms CreateObjectMapping: 0.065800 ms MarkObjects: 1.978400 ms  DeleteObjects: 0.023800 ms)

========================================================================
Received Prepare
Registering precompiled user dll's ...
Registered in 0.004759 seconds.
Begin MonoManager ReloadAssembly
Native extension for WindowsStandalone target not found
Native extension for OSXStandalone target not found
Native extension for WebGL target not found
Refreshing native plugins compatible for Editor in 0.41 ms, found 2 plugins.
Preloading 0 native plugins for Editor in 0.00 ms.
Mono: successfully reloaded assembly
- Completed reload, in  0.936 seconds
Platform modules already initialized, skipping
Refreshing native plugins compatible for Editor in 0.40 ms, found 2 plugins.
Preloading 0 native plugins for Editor in 0.00 ms.
Unloading 1424 Unused Serialized files (Serialized files now loaded: 0)
System memory in use before: 70.7 MB.
System memory in use after: 70.8 MB.

Unloading 13 unused Assets to reduce memory usage. Loaded Objects now: 2014.
Total: 2.849600 ms (FindLiveObjects: 0.271700 ms CreateObjectMapping: 0.067500 ms MarkObjects: 2.482200 ms  DeleteObjects: 0.026300 ms)

========================================================================
Received Prepare
Registering precompiled user dll's ...
Registered in 0.005473 seconds.
Begin MonoManager ReloadAssembly
Native extension for WindowsStandalone target not found
Native extension for OSXStandalone target not found
Native extension for WebGL target not found
Refreshing native plugins compatible for Editor in 0.61 ms, found 2 plugins.
Preloading 0 native plugins for Editor in 0.00 ms.
Mono: successfully reloaded assembly
- Completed reload, in  0.934 seconds
Platform modules already initialized, skipping
Refreshing native plugins compatible for Editor in 0.40 ms, found 2 plugins.
Preloading 0 native plugins for Editor in 0.00 ms.
Unloading 1424 Unused Serialized files (Serialized files now loaded: 0)
System memory in use before: 70.7 MB.
System memory in use after: 70.8 MB.

Unloading 13 unused Assets to reduce memory usage. Loaded Objects now: 2017.
Total: 2.225800 ms (FindLiveObjects: 0.276800 ms CreateObjectMapping: 0.069900 ms MarkObjects: 1.852600 ms  DeleteObjects: 0.024700 ms)

========================================================================
Received Prepare
Registering precompiled user dll's ...
Registered in 0.004762 seconds.
Begin MonoManager ReloadAssembly
Native extension for WindowsStandalone target not found
Native extension for OSXStandalone target not found
Native extension for WebGL target not found
Refreshing native plugins compatible for Editor in 0.42 ms, found 2 plugins.
Preloading 0 native plugins for Editor in 0.00 ms.
Mono: successfully reloaded assembly
- Completed reload, in  1.006 seconds
Platform modules already initialized, skipping
Refreshing native plugins compatible for Editor in 0.40 ms, found 2 plugins.
Preloading 0 native plugins for Editor in 0.00 ms.
Unloading 1424 Unused Serialized files (Serialized files now loaded: 0)
System memory in use before: 70.7 MB.
System memory in use after: 70.8 MB.

Unloading 13 unused Assets to reduce memory usage. Loaded Objects now: 2020.
Total: 2.420600 ms (FindLiveObjects: 0.343900 ms CreateObjectMapping: 0.090400 ms MarkObjects: 1.958700 ms  DeleteObjects: 0.025300 ms)

========================================================================
Received Prepare
Registering precompiled user dll's ...
Registered in 0.004641 seconds.
Begin MonoManager ReloadAssembly
Native extension for WindowsStandalone target not found
Native extension for OSXStandalone target not found
Native extension for WebGL target not found
Refreshing native plugins compatible for Editor in 0.42 ms, found 2 plugins.
Preloading 0 native plugins for Editor in 0.00 ms.
Mono: successfully reloaded assembly
- Completed reload, in  0.952 seconds
Platform modules already initialized, skipping
Refreshing native plugins compatible for Editor in 0.58 ms, found 2 plugins.
Preloading 0 native plugins for Editor in 0.00 ms.
Unloading 1424 Unused Serialized files (Serialized files now loaded: 0)
System memory in use before: 70.7 MB.
System memory in use after: 70.8 MB.

Unloading 13 unused Assets to reduce memory usage. Loaded Objects now: 2023.
Total: 2.269600 ms (FindLiveObjects: 0.254400 ms CreateObjectMapping: 0.067700 ms MarkObjects: 1.922000 ms  DeleteObjects: 0.023500 ms)

========================================================================
Received Prepare
Registering precompiled user dll's ...
Registered in 0.005463 seconds.
Begin MonoManager ReloadAssembly
Native extension for WindowsStandalone target not found
Native extension for OSXStandalone target not found
Native extension for WebGL target not found
Refreshing native plugins compatible for Editor in 0.40 ms, found 2 plugins.
Preloading 0 native plugins for Editor in 0.00 ms.
Mono: successfully reloaded assembly
- Completed reload, in  0.933 seconds
Platform modules already initialized, skipping
Refreshing native plugins compatible for Editor in 0.42 ms, found 2 plugins.
Preloading 0 native plugins for Editor in 0.00 ms.
Unloading 1424 Unused Serialized files (Serialized files now loaded: 0)
System memory in use before: 70.7 MB.
System memory in use after: 70.9 MB.

Unloading 13 unused Assets to reduce memory usage. Loaded Objects now: 2026.
Total: 2.307700 ms (FindLiveObjects: 0.228700 ms CreateObjectMapping: 0.035600 ms MarkObjects: 2.014400 ms  DeleteObjects: 0.026800 ms)

========================================================================
Received Import Request.
  Time since last request: 38859.675016 seconds.
  path: Assets/Scripts/Managers/GameManager.cs
  artifactKey: Guid(36751364f9afbef488156abda82bce3e) Importer(815301076,1909f56bfc062723c751e8b465ee728b)
Start importing Assets/Scripts/Managers/GameManager.cs using Guid(36751364f9afbef488156abda82bce3e) Importer(815301076,1909f56bfc062723c751e8b465ee728b)  -> (artifact id: '266543e6676ad6cd967da639c4388a4a') in 0.008273 seconds
  Import took 0.012350 seconds .

========================================================================
Received Import Request.
  Time since last request: 0.022921 seconds.
  path: Assets/Scripts/Managers/GameManager.cs
  artifactKey: Guid(36751364f9afbef488156abda82bce3e) Importer(815301076,1909f56bfc062723c751e8b465ee728b)
Start importing Assets/Scripts/Managers/GameManager.cs using Guid(36751364f9afbef488156abda82bce3e) Importer(815301076,1909f56bfc062723c751e8b465ee728b)  -> (artifact id: '266543e6676ad6cd967da639c4388a4a') in 0.004740 seconds
  Import took 0.008663 seconds .

========================================================================
Received Prepare
Registering precompiled user dll's ...
Registered in 0.008562 seconds.
Begin MonoManager ReloadAssembly
Native extension for WindowsStandalone target not found
Native extension for OSXStandalone target not found
Native extension for WebGL target not found
Refreshing native plugins compatible for Editor in 0.42 ms, found 2 plugins.
Preloading 0 native plugins for Editor in 0.00 ms.
Mono: successfully reloaded assembly
- Completed reload, in  0.946 seconds
Platform modules already initialized, skipping
Refreshing native plugins compatible for Editor in 0.47 ms, found 2 plugins.
Preloading 0 native plugins for Editor in 0.00 ms.
Unloading 1424 Unused Serialized files (Serialized files now loaded: 0)
System memory in use before: 70.7 MB.
System memory in use after: 70.9 MB.

Unloading 13 unused Assets to reduce memory usage. Loaded Objects now: 2029.
Total: 2.694900 ms (FindLiveObjects: 0.509400 ms CreateObjectMapping: 0.108600 ms MarkObjects: 2.047900 ms  DeleteObjects: 0.026600 ms)

========================================================================
Received Import Request.
  Time since last request: 164.085524 seconds.
  path: Assets/Scripts/Managers/GameManager.cs
  artifactKey: Guid(36751364f9afbef488156abda82bce3e) Importer(815301076,1909f56bfc062723c751e8b465ee728b)
Start importing Assets/Scripts/Managers/GameManager.cs using Guid(36751364f9afbef488156abda82bce3e) Importer(815301076,1909f56bfc062723c751e8b465ee728b)  -> (artifact id: 'bbe8bde78203c33c439997d8dd3931d0') in 0.008341 seconds
  Import took 0.012471 seconds .

========================================================================
Received Prepare
Registering precompiled user dll's ...
Registered in 0.004973 seconds.
Begin MonoManager ReloadAssembly
Native extension for WindowsStandalone target not found
Native extension for OSXStandalone target not found
Native extension for WebGL target not found
Refreshing native plugins compatible for Editor in 0.41 ms, found 2 plugins.
Preloading 0 native plugins for Editor in 0.00 ms.
Mono: successfully reloaded assembly
- Completed reload, in  0.938 seconds
Platform modules already initialized, skipping
Refreshing native plugins compatible for Editor in 0.40 ms, found 2 plugins.
Preloading 0 native plugins for Editor in 0.00 ms.
Unloading 1424 Unused Serialized files (Serialized files now loaded: 0)
System memory in use before: 70.8 MB.
System memory in use after: 70.9 MB.

Unloading 13 unused Assets to reduce memory usage. Loaded Objects now: 2032.
Total: 2.354100 ms (FindLiveObjects: 0.269800 ms CreateObjectMapping: 0.068700 ms MarkObjects: 1.988000 ms  DeleteObjects: 0.025400 ms)

========================================================================
Received Prepare
Registering precompiled user dll's ...
Registered in 0.005316 seconds.
Begin MonoManager ReloadAssembly
Native extension for WindowsStandalone target not found
Native extension for OSXStandalone target not found
Native extension for WebGL target not found
Refreshing native plugins compatible for Editor in 0.40 ms, found 2 plugins.
Preloading 0 native plugins for Editor in 0.00 ms.
Mono: successfully reloaded assembly
- Completed reload, in  0.938 seconds
Platform modules already initialized, skipping
Refreshing native plugins compatible for Editor in 0.39 ms, found 2 plugins.
Preloading 0 native plugins for Editor in 0.00 ms.
Unloading 1424 Unused Serialized files (Serialized files now loaded: 0)
System memory in use before: 70.8 MB.
System memory in use after: 70.9 MB.

Unloading 13 unused Assets to reduce memory usage. Loaded Objects now: 2035.
Total: 2.344800 ms (FindLiveObjects: 0.332900 ms CreateObjectMapping: 0.090400 ms MarkObjects: 1.892400 ms  DeleteObjects: 0.026600 ms)

========================================================================
Received Prepare
Registering precompiled user dll's ...
Registered in 0.004653 seconds.
Begin MonoManager ReloadAssembly
Native extension for WindowsStandalone target not found
Native extension for OSXStandalone target not found
Native extension for WebGL target not found
Refreshing native plugins compatible for Editor in 0.40 ms, found 2 plugins.
Preloading 0 native plugins for Editor in 0.00 ms.
Mono: successfully reloaded assembly
- Completed reload, in  0.971 seconds
Platform modules already initialized, skipping
Refreshing native plugins compatible for Editor in 0.40 ms, found 2 plugins.
Preloading 0 native plugins for Editor in 0.00 ms.
Unloading 1424 Unused Serialized files (Serialized files now loaded: 0)
System memory in use before: 70.8 MB.
System memory in use after: 70.9 MB.

Unloading 13 unused Assets to reduce memory usage. Loaded Objects now: 2038.
Total: 2.586700 ms (FindLiveObjects: 0.288900 ms CreateObjectMapping: 0.072300 ms MarkObjects: 2.196900 ms  DeleteObjects: 0.025800 ms)

========================================================================
Received Prepare
Registering precompiled user dll's ...
Registered in 0.004990 seconds.
Begin MonoManager ReloadAssembly
Native extension for WindowsStandalone target not found
Native extension for OSXStandalone target not found
Native extension for WebGL target not found
Refreshing native plugins compatible for Editor in 0.41 ms, found 2 plugins.
Preloading 0 native plugins for Editor in 0.00 ms.
Mono: successfully reloaded assembly
- Completed reload, in  0.955 seconds
Platform modules already initialized, skipping
Refreshing native plugins compatible for Editor in 0.39 ms, found 2 plugins.
Preloading 0 native plugins for Editor in 0.00 ms.
Unloading 1424 Unused Serialized files (Serialized files now loaded: 0)
System memory in use before: 70.8 MB.
System memory in use after: 70.9 MB.

Unloading 13 unused Assets to reduce memory usage. Loaded Objects now: 2041.
Total: 2.352100 ms (FindLiveObjects: 0.273700 ms CreateObjectMapping: 0.066700 ms MarkObjects: 1.983700 ms  DeleteObjects: 0.026100 ms)

========================================================================
Received Prepare
Registering precompiled user dll's ...
Registered in 0.005549 seconds.
Begin MonoManager ReloadAssembly
Native extension for WindowsStandalone target not found
Native extension for OSXStandalone target not found
Native extension for WebGL target not found
Refreshing native plugins compatible for Editor in 0.40 ms, found 2 plugins.
Preloading 0 native plugins for Editor in 0.00 ms.
Mono: successfully reloaded assembly
- Completed reload, in  0.919 seconds
Platform modules already initialized, skipping
Refreshing native plugins compatible for Editor in 0.40 ms, found 2 plugins.
Preloading 0 native plugins for Editor in 0.00 ms.
Unloading 1424 Unused Serialized files (Serialized files now loaded: 0)
System memory in use before: 70.8 MB.
System memory in use after: 70.9 MB.

Unloading 13 unused Assets to reduce memory usage. Loaded Objects now: 2044.
Total: 2.703000 ms (FindLiveObjects: 0.284100 ms CreateObjectMapping: 0.068500 ms MarkObjects: 2.321400 ms  DeleteObjects: 0.026300 ms)

========================================================================
Received Prepare
Registering precompiled user dll's ...
Registered in 0.004791 seconds.
Begin MonoManager ReloadAssembly
Native extension for WindowsStandalone target not found
Native extension for OSXStandalone target not found
Native extension for WebGL target not found
Refreshing native plugins compatible for Editor in 0.40 ms, found 2 plugins.
Preloading 0 native plugins for Editor in 0.00 ms.
Mono: successfully reloaded assembly
- Completed reload, in  0.937 seconds
Platform modules already initialized, skipping
Refreshing native plugins compatible for Editor in 0.40 ms, found 2 plugins.
Preloading 0 native plugins for Editor in 0.00 ms.
Unloading 1424 Unused Serialized files (Serialized files now loaded: 0)
System memory in use before: 70.8 MB.
System memory in use after: 70.9 MB.

Unloading 13 unused Assets to reduce memory usage. Loaded Objects now: 2047.
Total: 2.245500 ms (FindLiveObjects: 0.299300 ms CreateObjectMapping: 0.080800 ms MarkObjects: 1.840000 ms  DeleteObjects: 0.023400 ms)

========================================================================
Received Prepare
Registering precompiled user dll's ...
Registered in 0.004971 seconds.
Begin MonoManager ReloadAssembly
Native extension for WindowsStandalone target not found
Native extension for OSXStandalone target not found
Native extension for WebGL target not found
Refreshing native plugins compatible for Editor in 0.40 ms, found 2 plugins.
Preloading 0 native plugins for Editor in 0.00 ms.
Mono: successfully reloaded assembly
- Completed reload, in  0.962 seconds
Platform modules already initialized, skipping
Refreshing native plugins compatible for Editor in 0.41 ms, found 2 plugins.
Preloading 0 native plugins for Editor in 0.00 ms.
Unloading 1424 Unused Serialized files (Serialized files now loaded: 0)
System memory in use before: 70.8 MB.
System memory in use after: 70.9 MB.

Unloading 13 unused Assets to reduce memory usage. Loaded Objects now: 2050.
Total: 2.711700 ms (FindLiveObjects: 0.231600 ms CreateObjectMapping: 0.035100 ms MarkObjects: 2.417600 ms  DeleteObjects: 0.025500 ms)

========================================================================
Received Prepare
Registering precompiled user dll's ...
Registered in 0.005099 seconds.
Begin MonoManager ReloadAssembly
Native extension for WindowsStandalone target not found
Native extension for OSXStandalone target not found
Native extension for WebGL target not found
Refreshing native plugins compatible for Editor in 0.40 ms, found 2 plugins.
Preloading 0 native plugins for Editor in 0.00 ms.
Mono: successfully reloaded assembly
- Completed reload, in  0.920 seconds
Platform modules already initialized, skipping
Refreshing native plugins compatible for Editor in 0.40 ms, found 2 plugins.
Preloading 0 native plugins for Editor in 0.00 ms.
Unloading 1424 Unused Serialized files (Serialized files now loaded: 0)
System memory in use before: 70.8 MB.
System memory in use after: 70.9 MB.

Unloading 13 unused Assets to reduce memory usage. Loaded Objects now: 2053.
Total: 2.071000 ms (FindLiveObjects: 0.235000 ms CreateObjectMapping: 0.037800 ms MarkObjects: 1.767300 ms  DeleteObjects: 0.029300 ms)

========================================================================
Received Prepare
Registering precompiled user dll's ...
Registered in 0.005208 seconds.
Begin MonoManager ReloadAssembly
Native extension for WindowsStandalone target not found
Native extension for OSXStandalone target not found
Native extension for WebGL target not found
Refreshing native plugins compatible for Editor in 0.45 ms, found 2 plugins.
Preloading 0 native plugins for Editor in 0.00 ms.
Mono: successfully reloaded assembly
- Completed reload, in  1.175 seconds
Platform modules already initialized, skipping
Refreshing native plugins compatible for Editor in 0.78 ms, found 2 plugins.
Preloading 0 native plugins for Editor in 0.00 ms.
Unloading 1424 Unused Serialized files (Serialized files now loaded: 0)
System memory in use before: 70.8 MB.
System memory in use after: 70.9 MB.

Unloading 13 unused Assets to reduce memory usage. Loaded Objects now: 2056.
Total: 3.483000 ms (FindLiveObjects: 0.409400 ms CreateObjectMapping: 0.046200 ms MarkObjects: 3.001300 ms  DeleteObjects: 0.023900 ms)

========================================================================
Received Prepare
Registering precompiled user dll's ...
Registered in 0.004694 seconds.
Begin MonoManager ReloadAssembly
Native extension for WindowsStandalone target not found
Native extension for OSXStandalone target not found
Native extension for WebGL target not found
Refreshing native plugins compatible for Editor in 0.40 ms, found 2 plugins.
Preloading 0 native plugins for Editor in 0.00 ms.
Mono: successfully reloaded assembly
- Completed reload, in  0.947 seconds
Platform modules already initialized, skipping
Refreshing native plugins compatible for Editor in 0.41 ms, found 2 plugins.
Preloading 0 native plugins for Editor in 0.00 ms.
Unloading 1424 Unused Serialized files (Serialized files now loaded: 0)
System memory in use before: 70.8 MB.
System memory in use after: 70.9 MB.

Unloading 13 unused Assets to reduce memory usage. Loaded Objects now: 2059.
Total: 2.204400 ms (FindLiveObjects: 0.240900 ms CreateObjectMapping: 0.035500 ms MarkObjects: 1.901400 ms  DeleteObjects: 0.024900 ms)

========================================================================
Received Prepare
Registering precompiled user dll's ...
Registered in 0.004911 seconds.
Begin MonoManager ReloadAssembly
Native extension for WindowsStandalone target not found
Native extension for OSXStandalone target not found
Native extension for WebGL target not found
Refreshing native plugins compatible for Editor in 0.42 ms, found 2 plugins.
Preloading 0 native plugins for Editor in 0.00 ms.
Mono: successfully reloaded assembly
- Completed reload, in  0.981 seconds
Platform modules already initialized, skipping
Refreshing native plugins compatible for Editor in 0.39 ms, found 2 plugins.
Preloading 0 native plugins for Editor in 0.00 ms.
Unloading 1424 Unused Serialized files (Serialized files now loaded: 0)
System memory in use before: 70.8 MB.
System memory in use after: 70.9 MB.

Unloading 13 unused Assets to reduce memory usage. Loaded Objects now: 2062.
Total: 2.029200 ms (FindLiveObjects: 0.230300 ms CreateObjectMapping: 0.037600 ms MarkObjects: 1.736200 ms  DeleteObjects: 0.023700 ms)

========================================================================
Received Prepare
Registering precompiled user dll's ...
Registered in 0.005289 seconds.
Begin MonoManager ReloadAssembly
Native extension for WindowsStandalone target not found
Native extension for OSXStandalone target not found
Native extension for WebGL target not found
Refreshing native plugins compatible for Editor in 0.42 ms, found 2 plugins.
Preloading 0 native plugins for Editor in 0.00 ms.
Mono: successfully reloaded assembly
- Completed reload, in  0.945 seconds
Platform modules already initialized, skipping
Refreshing native plugins compatible for Editor in 0.70 ms, found 2 plugins.
Preloading 0 native plugins for Editor in 0.00 ms.
Unloading 1424 Unused Serialized files (Serialized files now loaded: 0)
System memory in use before: 70.8 MB.
System memory in use after: 70.9 MB.

Unloading 13 unused Assets to reduce memory usage. Loaded Objects now: 2065.
Total: 3.048200 ms (FindLiveObjects: 0.282700 ms CreateObjectMapping: 0.070600 ms MarkObjects: 2.665000 ms  DeleteObjects: 0.026600 ms)

========================================================================
Received Prepare
Registering precompiled user dll's ...
Registered in 0.004616 seconds.
Begin MonoManager ReloadAssembly
Native extension for WindowsStandalone target not found
Native extension for OSXStandalone target not found
Native extension for WebGL target not found
Refreshing native plugins compatible for Editor in 0.42 ms, found 2 plugins.
Preloading 0 native plugins for Editor in 0.00 ms.
Mono: successfully reloaded assembly
- Completed reload, in  0.907 seconds
Platform modules already initialized, skipping
Refreshing native plugins compatible for Editor in 0.39 ms, found 2 plugins.
Preloading 0 native plugins for Editor in 0.00 ms.
Unloading 1424 Unused Serialized files (Serialized files now loaded: 0)
System memory in use before: 70.8 MB.
System memory in use after: 70.9 MB.

Unloading 13 unused Assets to reduce memory usage. Loaded Objects now: 2068.
Total: 2.080500 ms (FindLiveObjects: 0.226800 ms CreateObjectMapping: 0.034400 ms MarkObjects: 1.793600 ms  DeleteObjects: 0.024300 ms)

========================================================================
Received Import Request.
  Time since last request: 49548.335877 seconds.
  path: Assets/Scenes/SampleScene.unity
  artifactKey: Guid(9fc0d4010bbf28b4594072e72b8655ab) Importer(815301076,1909f56bfc062723c751e8b465ee728b)
Start importing Assets/Scenes/SampleScene.unity using Guid(9fc0d4010bbf28b4594072e72b8655ab) Importer(815301076,1909f56bfc062723c751e8b465ee728b)  -> (artifact id: '8d640249fd4a924eea2fc8daabc17cd5') in 0.019250 seconds
  Import took 0.024806 seconds .

========================================================================
Received Import Request.
  Time since last request: 0.972182 seconds.
  path: Assets/Scenes/SampleScene 1.unity
  artifactKey: Guid(7edb88eeb3b51284d8cd445832819f35) Importer(815301076,1909f56bfc062723c751e8b465ee728b)
Start importing Assets/Scenes/SampleScene 1.unity using Guid(7edb88eeb3b51284d8cd445832819f35) Importer(815301076,1909f56bfc062723c751e8b465ee728b)  -> (artifact id: '1a9311a4e8f7c9cba34adb006bc9a2f0') in 0.005419 seconds
  Import took 0.008995 seconds .

========================================================================
Received Import Request.
  Time since last request: 9.545638 seconds.
  path: Assets/Scenes/Level 1.unity
  artifactKey: Guid(9fc0d4010bbf28b4594072e72b8655ab) Importer(815301076,1909f56bfc062723c751e8b465ee728b)
Start importing Assets/Scenes/Level 1.unity using Guid(9fc0d4010bbf28b4594072e72b8655ab) Importer(815301076,1909f56bfc062723c751e8b465ee728b)  -> (artifact id: 'd73a13445c21004561bf53f49ae4d2a9') in 0.005266 seconds
  Import took 0.009018 seconds .

========================================================================
Received Import Request.
  Time since last request: 10.563786 seconds.
  path: Assets/Scenes/Level_1.unity
  artifactKey: Guid(9fc0d4010bbf28b4594072e72b8655ab) Importer(815301076,1909f56bfc062723c751e8b465ee728b)
Start importing Assets/Scenes/Level_1.unity using Guid(9fc0d4010bbf28b4594072e72b8655ab) Importer(815301076,1909f56bfc062723c751e8b465ee728b)  -> (artifact id: '5e2735d203da1f537db039f410e62f10') in 0.006132 seconds
  Import took 0.011640 seconds .

========================================================================
Received Import Request.
  Time since last request: 594.156313 seconds.
  path: Assets/Material/StartLocationPoint.mat
  artifactKey: Guid(551e4789c16aed244881c89c75262336) Importer(815301076,1909f56bfc062723c751e8b465ee728b)
Start importing Assets/Material/StartLocationPoint.mat using Guid(551e4789c16aed244881c89c75262336) Importer(815301076,1909f56bfc062723c751e8b465ee728b)  -> (artifact id: 'a80a6aa1a5a4ef4097c41f525ec810db') in 0.075444 seconds
  Import took 0.079123 seconds .

========================================================================
Received Import Request.
  Time since last request: 50.395835 seconds.
  path: Assets/Prefab/StoreModel.prefab
  artifactKey: Guid(c9bd9cf685739b5479ec325a361a3519) Importer(815301076,1909f56bfc062723c751e8b465ee728b)
Start importing Assets/Prefab/StoreModel.prefab using Guid(c9bd9cf685739b5479ec325a361a3519) Importer(815301076,1909f56bfc062723c751e8b465ee728b)  -> (artifact id: '53a99610db2e38254d0160a53245eba2') in 0.025094 seconds
  Import took 0.029145 seconds .

========================================================================
Received Import Request.
  Time since last request: 0.000319 seconds.
  path: Assets/Prefab/Player.prefab
  artifactKey: Guid(066901ca5f991c848a9ee8318de32650) Importer(815301076,1909f56bfc062723c751e8b465ee728b)
Start importing Assets/Prefab/Player.prefab using Guid(066901ca5f991c848a9ee8318de32650) Importer(815301076,1909f56bfc062723c751e8b465ee728b)  -> (artifact id: 'f48b548752e855dc8f7abd5d89e97782') in 0.016325 seconds
  Import took 0.020380 seconds .

========================================================================
Received Import Request.
  Time since last request: 87.319810 seconds.
  path: Assets/Material/White.mat
  artifactKey: Guid(e936c97c9d56db94c94b483f10a8ea2e) Importer(815301076,1909f56bfc062723c751e8b465ee728b)
Start importing Assets/Material/White.mat using Guid(e936c97c9d56db94c94b483f10a8ea2e) Importer(815301076,1909f56bfc062723c751e8b465ee728b)  -> (artifact id: '3ff87a94329ecaa36130d109205c1e45') in 0.014465 seconds
  Import took 0.018604 seconds .

========================================================================
Received Import Request.
  Time since last request: 71.586677 seconds.
  path: Assets/Material/Neon Light.mat
  artifactKey: Guid(3f867c1b6db4703418e4c200fdcafd66) Importer(815301076,1909f56bfc062723c751e8b465ee728b)
Start importing Assets/Material/Neon Light.mat using Guid(3f867c1b6db4703418e4c200fdcafd66) Importer(815301076,1909f56bfc062723c751e8b465ee728b)  -> (artifact id: '8a256f61dc88a617b79f02cceaa37f04') in 0.022616 seconds
  Import took 0.026001 seconds .

========================================================================
Received Import Request.
  Time since last request: 189.976513 seconds.
  path: Assets/Prefab/Light.prefab
  artifactKey: Guid(795783e9fe74c0e4fb05d66e8edb68f1) Importer(815301076,1909f56bfc062723c751e8b465ee728b)
Start importing Assets/Prefab/Light.prefab using Guid(795783e9fe74c0e4fb05d66e8edb68f1) Importer(815301076,1909f56bfc062723c751e8b465ee728b)  -> (artifact id: 'd91510b40bc70c6b9c74d9cac249bad1') in 0.024029 seconds
  Import took 0.028264 seconds .

========================================================================
Received Import Request.
  Time since last request: 0.001176 seconds.
  path: Assets/Prefab/Light.prefab
  artifactKey: Guid(795783e9fe74c0e4fb05d66e8edb68f1) Importer(815301076,1909f56bfc062723c751e8b465ee728b)
Start importing Assets/Prefab/Light.prefab using Guid(795783e9fe74c0e4fb05d66e8edb68f1) Importer(815301076,1909f56bfc062723c751e8b465ee728b)  -> (artifact id: 'd91510b40bc70c6b9c74d9cac249bad1') in 0.013305 seconds
  Import took 0.017080 seconds .

========================================================================
Received Import Request.
  Time since last request: 131.242246 seconds.
  path: Assets/Prefab/StoreModel.prefab
  artifactKey: Guid(c9bd9cf685739b5479ec325a361a3519) Importer(815301076,1909f56bfc062723c751e8b465ee728b)
Start importing Assets/Prefab/StoreModel.prefab using Guid(c9bd9cf685739b5479ec325a361a3519) Importer(815301076,1909f56bfc062723c751e8b465ee728b)  -> (artifact id: '28aab1c59fc182d49d7b88ad3eef6fe4') in 0.019500 seconds
  Import took 0.023434 seconds .

========================================================================
Received Import Request.
  Time since last request: 73.389214 seconds.
  path: Assets/Prefab/Obstacle
  artifactKey: Guid(5bb37b3707f09af48b4fbbdc704e111a) Importer(815301076,1909f56bfc062723c751e8b465ee728b)
Start importing Assets/Prefab/Obstacle using Guid(5bb37b3707f09af48b4fbbdc704e111a) Importer(815301076,1909f56bfc062723c751e8b465ee728b)  -> (artifact id: '0bef3c0d83df95f8360af765906d6f1f') in 0.006529 seconds
  Import took 0.010427 seconds .

========================================================================
Received Import Request.
  Time since last request: 22.480934 seconds.
  path: Assets/Prefab/Camera/PoleAndCam.prefab
  artifactKey: Guid(df3554589c0f0034d902615c992b13f5) Importer(815301076,1909f56bfc062723c751e8b465ee728b)
Start importing Assets/Prefab/Camera/PoleAndCam.prefab using Guid(df3554589c0f0034d902615c992b13f5) Importer(815301076,1909f56bfc062723c751e8b465ee728b)  -> (artifact id: '30960796519fd9bf98bbb35cda13a248') in 0.022089 seconds
  Import took 0.025696 seconds .

========================================================================
Received Import Request.
  Time since last request: 75.616367 seconds.
  path: Assets/Prefab/Camera/PoleAndCam.prefab
  artifactKey: Guid(df3554589c0f0034d902615c992b13f5) Importer(815301076,1909f56bfc062723c751e8b465ee728b)
Start importing Assets/Prefab/Camera/PoleAndCam.prefab using Guid(df3554589c0f0034d902615c992b13f5) Importer(815301076,1909f56bfc062723c751e8b465ee728b)  -> (artifact id: '4303119ea3d7c0160c1f7e4f1549b3b0') in 0.024148 seconds
  Import took 0.027881 seconds .

========================================================================
Received Prepare
Registering precompiled user dll's ...
Registered in 0.008072 seconds.
Begin MonoManager ReloadAssembly
Native extension for WindowsStandalone target not found
Native extension for OSXStandalone target not found
Native extension for WebGL target not found
Refreshing native plugins compatible for Editor in 0.40 ms, found 2 plugins.
Preloading 0 native plugins for Editor in 0.00 ms.
Mono: successfully reloaded assembly
- Completed reload, in  0.925 seconds
Platform modules already initialized, skipping
Refreshing native plugins compatible for Editor in 0.39 ms, found 2 plugins.
Preloading 0 native plugins for Editor in 0.00 ms.
Unloading 1424 Unused Serialized files (Serialized files now loaded: 0)
System memory in use before: 70.9 MB.
System memory in use after: 71.0 MB.

Unloading 14 unused Assets to reduce memory usage. Loaded Objects now: 2072.
Total: 2.483500 ms (FindLiveObjects: 0.298700 ms CreateObjectMapping: 0.069200 ms MarkObjects: 2.083000 ms  DeleteObjects: 0.030100 ms)

========================================================================
Received Import Request.
  Time since last request: 71065.006354 seconds.
  path: Assets/Material/Neon Light.mat
  artifactKey: Guid(3f867c1b6db4703418e4c200fdcafd66) Importer(815301076,1909f56bfc062723c751e8b465ee728b)
Start importing Assets/Material/Neon Light.mat using Guid(3f867c1b6db4703418e4c200fdcafd66) Importer(815301076,1909f56bfc062723c751e8b465ee728b)  -> (artifact id: '168fd2f8ace277d78281b5dd74dc29ff') in 0.193829 seconds
  Import took 0.254943 seconds .

========================================================================
Received Import Request.
  Time since last request: 0.000378 seconds.
  path: Assets/Material/White.mat
  artifactKey: Guid(e936c97c9d56db94c94b483f10a8ea2e) Importer(815301076,1909f56bfc062723c751e8b465ee728b)
Start importing Assets/Material/White.mat using Guid(e936c97c9d56db94c94b483f10a8ea2e) Importer(815301076,1909f56bfc062723c751e8b465ee728b)  -> (artifact id: '207bfe689f3874c1f212e4bcb58df8b2') in 0.025815 seconds
  Import took 0.029283 seconds .

========================================================================
Received Prepare
Registering precompiled user dll's ...
Registered in 0.007456 seconds.
Begin MonoManager ReloadAssembly
Native extension for WindowsStandalone target not found
Native extension for OSXStandalone target not found
Native extension for WebGL target not found
Refreshing native plugins compatible for Editor in 0.44 ms, found 2 plugins.
Preloading 0 native plugins for Editor in 0.00 ms.
Mono: successfully reloaded assembly
- Completed reload, in  1.190 seconds
Platform modules already initialized, skipping
Refreshing native plugins compatible for Editor in 0.41 ms, found 2 plugins.
Preloading 0 native plugins for Editor in 0.00 ms.
Unloading 1424 Unused Serialized files (Serialized files now loaded: 0)
System memory in use before: 70.9 MB.
System memory in use after: 71.0 MB.

Unloading 13 unused Assets to reduce memory usage. Loaded Objects now: 2076.
Total: 3.395500 ms (FindLiveObjects: 0.542000 ms CreateObjectMapping: 0.084300 ms MarkObjects: 2.734800 ms  DeleteObjects: 0.030100 ms)

========================================================================
Received Prepare
Registering precompiled user dll's ...
Registered in 0.005857 seconds.
Begin MonoManager ReloadAssembly
Native extension for WindowsStandalone target not found
Native extension for OSXStandalone target not found
Native extension for WebGL target not found
Refreshing native plugins compatible for Editor in 0.41 ms, found 2 plugins.
Preloading 0 native plugins for Editor in 0.00 ms.
Mono: successfully reloaded assembly
- Completed reload, in  0.984 seconds
Platform modules already initialized, skipping
Refreshing native plugins compatible for Editor in 0.39 ms, found 2 plugins.
Preloading 0 native plugins for Editor in 0.00 ms.
Unloading 1424 Unused Serialized files (Serialized files now loaded: 0)
System memory in use before: 70.9 MB.
System memory in use after: 71.0 MB.

Unloading 13 unused Assets to reduce memory usage. Loaded Objects now: 2079.
Total: 2.543900 ms (FindLiveObjects: 0.292000 ms CreateObjectMapping: 0.073200 ms MarkObjects: 2.147800 ms  DeleteObjects: 0.029300 ms)

========================================================================
Received Prepare
Registering precompiled user dll's ...
Registered in 0.006631 seconds.
Begin MonoManager ReloadAssembly
Native extension for WindowsStandalone target not found
Native extension for OSXStandalone target not found
Native extension for WebGL target not found
Refreshing native plugins compatible for Editor in 0.46 ms, found 2 plugins.
Preloading 0 native plugins for Editor in 0.00 ms.
Mono: successfully reloaded assembly
- Completed reload, in  1.111 seconds
Platform modules already initialized, skipping
Refreshing native plugins compatible for Editor in 0.40 ms, found 2 plugins.
Preloading 0 native plugins for Editor in 0.00 ms.
Unloading 1424 Unused Serialized files (Serialized files now loaded: 0)
System memory in use before: 70.9 MB.
System memory in use after: 71.0 MB.

Unloading 13 unused Assets to reduce memory usage. Loaded Objects now: 2082.
Total: 2.510400 ms (FindLiveObjects: 0.358000 ms CreateObjectMapping: 0.091400 ms MarkObjects: 2.029900 ms  DeleteObjects: 0.028600 ms)

========================================================================
Received Prepare
Registering precompiled user dll's ...
Registered in 0.005278 seconds.
Begin MonoManager ReloadAssembly
Native extension for WindowsStandalone target not found
Native extension for OSXStandalone target not found
Native extension for WebGL target not found
Refreshing native plugins compatible for Editor in 0.41 ms, found 2 plugins.
Preloading 0 native plugins for Editor in 0.00 ms.
Mono: successfully reloaded assembly
- Completed reload, in  1.025 seconds
Platform modules already initialized, skipping
Refreshing native plugins compatible for Editor in 0.40 ms, found 2 plugins.
Preloading 0 native plugins for Editor in 0.00 ms.
Unloading 1424 Unused Serialized files (Serialized files now loaded: 0)
System memory in use before: 70.9 MB.
System memory in use after: 71.0 MB.

Unloading 13 unused Assets to reduce memory usage. Loaded Objects now: 2085.
Total: 2.417400 ms (FindLiveObjects: 0.318200 ms CreateObjectMapping: 0.072800 ms MarkObjects: 1.998500 ms  DeleteObjects: 0.025500 ms)

========================================================================
Received Import Request.
  Time since last request: 1488.493807 seconds.
  path: Assets/Prefab/Obstacle/Jump.prefab
  artifactKey: Guid(d17df29890d32fe4196fd01505f3b6c5) Importer(815301076,1909f56bfc062723c751e8b465ee728b)
Start importing Assets/Prefab/Obstacle/Jump.prefab using Guid(d17df29890d32fe4196fd01505f3b6c5) Importer(815301076,1909f56bfc062723c751e8b465ee728b)  -> (artifact id: 'd0bcdae2ae2bbeece32cdfb01f38b1ac') in 0.073451 seconds
  Import took 0.076499 seconds .

========================================================================
Received Prepare
Registering precompiled user dll's ...
Registered in 0.005516 seconds.
Begin MonoManager ReloadAssembly
Native extension for WindowsStandalone target not found
Native extension for OSXStandalone target not found
Native extension for WebGL target not found
Refreshing native plugins compatible for Editor in 0.73 ms, found 2 plugins.
Preloading 0 native plugins for Editor in 0.00 ms.
Mono: successfully reloaded assembly
- Completed reload, in  1.346 seconds
Platform modules already initialized, skipping
Refreshing native plugins compatible for Editor in 0.56 ms, found 2 plugins.
Preloading 0 native plugins for Editor in 0.00 ms.
Unloading 1424 Unused Serialized files (Serialized files now loaded: 0)
System memory in use before: 70.9 MB.
System memory in use after: 71.1 MB.

Unloading 13 unused Assets to reduce memory usage. Loaded Objects now: 2089.
Total: 3.139900 ms (FindLiveObjects: 0.348100 ms CreateObjectMapping: 0.053200 ms MarkObjects: 2.713700 ms  DeleteObjects: 0.023100 ms)

========================================================================
Received Import Request.
  Time since last request: 374.820594 seconds.
  path: Assets/Prefab/Obstacle/Jump.prefab
  artifactKey: Guid(d17df29890d32fe4196fd01505f3b6c5) Importer(815301076,1909f56bfc062723c751e8b465ee728b)
Start importing Assets/Prefab/Obstacle/Jump.prefab using Guid(d17df29890d32fe4196fd01505f3b6c5) Importer(815301076,1909f56bfc062723c751e8b465ee728b)  -> (artifact id: '3ede9a13de221e8c0e08fcee1a4e9bcd') in 0.064240 seconds
  Import took 0.069385 seconds .

========================================================================
Received Prepare
Registering precompiled user dll's ...
Registered in 0.009182 seconds.
Begin MonoManager ReloadAssembly
Native extension for WindowsStandalone target not found
Native extension for OSXStandalone target not found
Native extension for WebGL target not found
Refreshing native plugins compatible for Editor in 0.43 ms, found 2 plugins.
Preloading 0 native plugins for Editor in 0.00 ms.
Mono: successfully reloaded assembly
- Completed reload, in  1.067 seconds
Platform modules already initialized, skipping
Refreshing native plugins compatible for Editor in 0.70 ms, found 2 plugins.
Preloading 0 native plugins for Editor in 0.00 ms.
Unloading 1424 Unused Serialized files (Serialized files now loaded: 0)
System memory in use before: 71.0 MB.
System memory in use after: 71.1 MB.

Unloading 13 unused Assets to reduce memory usage. Loaded Objects now: 2093.
Total: 3.365300 ms (FindLiveObjects: 0.364400 ms CreateObjectMapping: 0.121500 ms MarkObjects: 2.840200 ms  DeleteObjects: 0.037000 ms)

========================================================================
Received Prepare
Registering precompiled user dll's ...
Registered in 0.008949 seconds.
Begin MonoManager ReloadAssembly
Native extension for WindowsStandalone target not found
Native extension for OSXStandalone target not found
Native extension for WebGL target not found
Refreshing native plugins compatible for Editor in 0.40 ms, found 2 plugins.
Preloading 0 native plugins for Editor in 0.00 ms.
Mono: successfully reloaded assembly
- Completed reload, in  2.026 seconds
Platform modules already initialized, skipping
Refreshing native plugins compatible for Editor in 0.90 ms, found 2 plugins.
Preloading 0 native plugins for Editor in 0.00 ms.
Unloading 1424 Unused Serialized files (Serialized files now loaded: 0)
System memory in use before: 71.0 MB.
System memory in use after: 71.1 MB.

Unloading 13 unused Assets to reduce memory usage. Loaded Objects now: 2096.
Total: 2.329600 ms (FindLiveObjects: 0.244100 ms CreateObjectMapping: 0.039100 ms MarkObjects: 2.017200 ms  DeleteObjects: 0.027100 ms)

========================================================================
Received Prepare
Registering precompiled user dll's ...
Registered in 0.006612 seconds.
Begin MonoManager ReloadAssembly
Native extension for WindowsStandalone target not found
Native extension for OSXStandalone target not found
Native extension for WebGL target not found
Refreshing native plugins compatible for Editor in 0.41 ms, found 2 plugins.
Preloading 0 native plugins for Editor in 0.00 ms.
Mono: successfully reloaded assembly
- Completed reload, in  0.970 seconds
Platform modules already initialized, skipping
Refreshing native plugins compatible for Editor in 0.46 ms, found 2 plugins.
Preloading 0 native plugins for Editor in 0.00 ms.
Unloading 1424 Unused Serialized files (Serialized files now loaded: 0)
System memory in use before: 71.0 MB.
System memory in use after: 71.1 MB.

Unloading 13 unused Assets to reduce memory usage. Loaded Objects now: 2099.
Total: 2.475100 ms (FindLiveObjects: 0.270300 ms CreateObjectMapping: 0.036600 ms MarkObjects: 2.133000 ms  DeleteObjects: 0.032500 ms)

